{"D:\\rowingClub\\rowing-club-backup\\rowing_club_app\\src\\screensContainer.js": {"path":"D:\\rowingClub\\rowing-club-backup\\rowing_club_app\\src\\screensContainer.js","statementMap":{"0":{"start":{"line":10,"column":17},"end":{"line":10,"column":23}},"1":{"start":{"line":11,"column":19},"end":{"line":11,"column":27}},"2":{"start":{"line":12,"column":30},"end":{"line":12,"column":40}},"3":{"start":{"line":13,"column":30},"end":{"line":13,"column":40}},"4":{"start":{"line":15,"column":12},"end":{"line":15,"column":38}},"5":{"start":{"line":18,"column":4},"end":{"line":50,"column":6}},"6":{"start":{"line":21,"column":43},"end":{"line":43,"column":13}},"7":{"start":{"line":24,"column":36},"end":{"line":24,"column":46}},"8":{"start":{"line":26,"column":20},"end":{"line":34,"column":21}},"9":{"start":{"line":27,"column":24},"end":{"line":27,"column":69}},"10":{"start":{"line":28,"column":27},"end":{"line":34,"column":21}},"11":{"start":{"line":29,"column":24},"end":{"line":29,"column":77}},"12":{"start":{"line":30,"column":27},"end":{"line":34,"column":21}},"13":{"start":{"line":31,"column":24},"end":{"line":31,"column":69}},"14":{"start":{"line":32,"column":27},"end":{"line":34,"column":21}},"15":{"start":{"line":33,"column":24},"end":{"line":33,"column":77}},"16":{"start":{"line":36,"column":20},"end":{"line":36,"column":80}}},"fnMap":{"0":{"name":"ScreensContainer","decl":{"start":{"line":17,"column":24},"end":{"line":17,"column":40}},"loc":{"start":{"line":17,"column":55},"end":{"line":51,"column":1}},"line":17},"1":{"name":"(anonymous_1)","decl":{"start":{"line":21,"column":29},"end":{"line":21,"column":30}},"loc":{"start":{"line":21,"column":43},"end":{"line":43,"column":13}},"line":21},"2":{"name":"(anonymous_2)","decl":{"start":{"line":22,"column":28},"end":{"line":22,"column":29}},"loc":{"start":{"line":22,"column":56},"end":{"line":37,"column":17}},"line":22}},"branchMap":{"0":{"loc":{"start":{"line":26,"column":20},"end":{"line":34,"column":21}},"type":"if","locations":[{"start":{"line":26,"column":20},"end":{"line":34,"column":21}},{"start":{"line":28,"column":27},"end":{"line":34,"column":21}}],"line":26},"1":{"loc":{"start":{"line":27,"column":35},"end":{"line":27,"column":68}},"type":"cond-expr","locations":[{"start":{"line":27,"column":45},"end":{"line":27,"column":51}},{"start":{"line":27,"column":54},"end":{"line":27,"column":68}}],"line":27},"2":{"loc":{"start":{"line":28,"column":27},"end":{"line":34,"column":21}},"type":"if","locations":[{"start":{"line":28,"column":27},"end":{"line":34,"column":21}},{"start":{"line":30,"column":27},"end":{"line":34,"column":21}}],"line":28},"3":{"loc":{"start":{"line":29,"column":35},"end":{"line":29,"column":76}},"type":"cond-expr","locations":[{"start":{"line":29,"column":45},"end":{"line":29,"column":55}},{"start":{"line":29,"column":58},"end":{"line":29,"column":76}}],"line":29},"4":{"loc":{"start":{"line":30,"column":27},"end":{"line":34,"column":21}},"type":"if","locations":[{"start":{"line":30,"column":27},"end":{"line":34,"column":21}},{"start":{"line":32,"column":27},"end":{"line":34,"column":21}}],"line":30},"5":{"loc":{"start":{"line":31,"column":35},"end":{"line":31,"column":68}},"type":"cond-expr","locations":[{"start":{"line":31,"column":45},"end":{"line":31,"column":51}},{"start":{"line":31,"column":54},"end":{"line":31,"column":68}}],"line":31},"6":{"loc":{"start":{"line":32,"column":27},"end":{"line":34,"column":21}},"type":"if","locations":[{"start":{"line":32,"column":27},"end":{"line":34,"column":21}},{"start":{},"end":{}}],"line":32},"7":{"loc":{"start":{"line":33,"column":35},"end":{"line":33,"column":76}},"type":"cond-expr","locations":[{"start":{"line":33,"column":45},"end":{"line":33,"column":55}},{"start":{"line":33,"column":58},"end":{"line":33,"column":76}}],"line":33}},"s":{"0":0,"1":0,"2":0,"3":0,"4":0,"5":0,"6":0,"7":0,"8":0,"9":0,"10":0,"11":0,"12":0,"13":0,"14":0,"15":0,"16":0},"f":{"0":0,"1":0,"2":0},"b":{"0":[0,0],"1":[0,0],"2":[0,0],"3":[0,0],"4":[0,0],"5":[0,0],"6":[0,0],"7":[0,0]}}
,"D:\\rowingClub\\rowing-club-backup\\rowing_club_app\\src\\style.js": {"path":"D:\\rowingClub\\rowing-club-backup\\rowing_club_app\\src\\style.js","statementMap":{"0":{"start":{"line":3,"column":14},"end":{"line":345,"column":2}}},"fnMap":{},"branchMap":{},"s":{"0":1},"f":{},"b":{},"_coverageSchema":"1a1c01bbd47fc00a2c39e90264f33305004495a9","hash":"c17d9b3da0d475cc8cad083dcbdcfc9e0c7e826a"}
,"D:\\rowingClub\\rowing-club-backup\\rowing_club_app\\src\\contexts\\authContext.js": {"path":"D:\\rowingClub\\rowing-club-backup\\rowing_club_app\\src\\contexts\\authContext.js","statementMap":{"0":{"start":{"line":7,"column":27},"end":{"line":17,"column":2}},"1":{"start":{"line":20,"column":28},"end":{"line":73,"column":1}},"2":{"start":{"line":22,"column":34},"end":{"line":22,"column":48}},"3":{"start":{"line":23,"column":34},"end":{"line":23,"column":49}},"4":{"start":{"line":24,"column":32},"end":{"line":24,"column":46}},"5":{"start":{"line":25,"column":32},"end":{"line":25,"column":46}},"6":{"start":{"line":26,"column":36},"end":{"line":26,"column":50}},"7":{"start":{"line":28,"column":4},"end":{"line":65,"column":18}},"8":{"start":{"line":29,"column":30},"end":{"line":62,"column":9}},"9":{"start":{"line":30,"column":12},"end":{"line":30,"column":33}},"10":{"start":{"line":30,"column":26},"end":{"line":30,"column":33}},"11":{"start":{"line":32,"column":12},"end":{"line":61,"column":13}},"12":{"start":{"line":34,"column":33},"end":{"line":34,"column":55}},"13":{"start":{"line":35,"column":26},"end":{"line":35,"column":74}},"14":{"start":{"line":36,"column":38},"end":{"line":36,"column":54}},"15":{"start":{"line":38,"column":16},"end":{"line":57,"column":17}},"16":{"start":{"line":40,"column":32},"end":{"line":40,"column":53}},"17":{"start":{"line":41,"column":35},"end":{"line":41,"column":52}},"18":{"start":{"line":44,"column":20},"end":{"line":48,"column":21}},"19":{"start":{"line":45,"column":24},"end":{"line":45,"column":41}},"20":{"start":{"line":47,"column":24},"end":{"line":47,"column":42}},"21":{"start":{"line":50,"column":20},"end":{"line":50,"column":38}},"22":{"start":{"line":53,"column":20},"end":{"line":53,"column":79}},"23":{"start":{"line":56,"column":20},"end":{"line":56,"column":38}},"24":{"start":{"line":59,"column":16},"end":{"line":59,"column":66}},"25":{"start":{"line":60,"column":16},"end":{"line":60,"column":34}},"26":{"start":{"line":64,"column":8},"end":{"line":64,"column":24}},"27":{"start":{"line":68,"column":4},"end":{"line":72,"column":8}}},"fnMap":{"0":{"name":"(anonymous_0)","decl":{"start":{"line":10,"column":16},"end":{"line":10,"column":17}},"loc":{"start":{"line":10,"column":22},"end":{"line":10,"column":24}},"line":10},"1":{"name":"(anonymous_1)","decl":{"start":{"line":13,"column":16},"end":{"line":13,"column":17}},"loc":{"start":{"line":13,"column":22},"end":{"line":13,"column":24}},"line":13},"2":{"name":"(anonymous_2)","decl":{"start":{"line":16,"column":15},"end":{"line":16,"column":16}},"loc":{"start":{"line":16,"column":21},"end":{"line":16,"column":23}},"line":16},"3":{"name":"(anonymous_3)","decl":{"start":{"line":20,"column":28},"end":{"line":20,"column":29}},"loc":{"start":{"line":20,"column":46},"end":{"line":73,"column":1}},"line":20},"4":{"name":"(anonymous_4)","decl":{"start":{"line":28,"column":14},"end":{"line":28,"column":15}},"loc":{"start":{"line":28,"column":20},"end":{"line":65,"column":5}},"line":28},"5":{"name":"(anonymous_5)","decl":{"start":{"line":29,"column":30},"end":{"line":29,"column":31}},"loc":{"start":{"line":29,"column":42},"end":{"line":62,"column":9}},"line":29}},"branchMap":{"0":{"loc":{"start":{"line":30,"column":12},"end":{"line":30,"column":33}},"type":"if","locations":[{"start":{"line":30,"column":12},"end":{"line":30,"column":33}},{"start":{},"end":{}}],"line":30},"1":{"loc":{"start":{"line":38,"column":16},"end":{"line":57,"column":17}},"type":"if","locations":[{"start":{"line":38,"column":16},"end":{"line":57,"column":17}},{"start":{},"end":{}}],"line":38},"2":{"loc":{"start":{"line":44,"column":20},"end":{"line":48,"column":21}},"type":"if","locations":[{"start":{"line":44,"column":20},"end":{"line":48,"column":21}},{"start":{"line":46,"column":27},"end":{"line":48,"column":21}}],"line":44}},"s":{"0":2,"1":2,"2":0,"3":0,"4":0,"5":0,"6":0,"7":0,"8":0,"9":0,"10":0,"11":0,"12":0,"13":0,"14":0,"15":0,"16":0,"17":0,"18":0,"19":0,"20":0,"21":0,"22":0,"23":0,"24":0,"25":0,"26":0,"27":0},"f":{"0":0,"1":0,"2":0,"3":0,"4":0,"5":0},"b":{"0":[0,0],"1":[0,0],"2":[0,0]},"_coverageSchema":"1a1c01bbd47fc00a2c39e90264f33305004495a9","hash":"db4c019fa36cf2a765d6bc9cad5b5a65a232a691"}
,"D:\\rowingClub\\rowing-club-backup\\rowing_club_app\\src\\screens\\auth\\login.js": {"path":"D:\\rowingClub\\rowing-club-backup\\rowing_club_app\\src\\screens\\auth\\login.js","statementMap":{"0":{"start":{"line":8,"column":30},"end":{"line":8,"column":42}},"1":{"start":{"line":9,"column":36},"end":{"line":9,"column":48}},"2":{"start":{"line":10,"column":27},"end":{"line":10,"column":50}},"3":{"start":{"line":11,"column":17},"end":{"line":11,"column":26}},"4":{"start":{"line":14,"column":24},"end":{"line":28,"column":5}},"5":{"start":{"line":15,"column":8},"end":{"line":27,"column":15}},"6":{"start":{"line":18,"column":29},"end":{"line":18,"column":48}},"7":{"start":{"line":19,"column":16},"end":{"line":19,"column":37}},"8":{"start":{"line":20,"column":16},"end":{"line":20,"column":55}},"9":{"start":{"line":24,"column":34},"end":{"line":24,"column":44}},"10":{"start":{"line":25,"column":37},"end":{"line":25,"column":50}},"11":{"start":{"line":26,"column":16},"end":{"line":26,"column":58}},"12":{"start":{"line":30,"column":4},"end":{"line":50,"column":5}}},"fnMap":{"0":{"name":"Login","decl":{"start":{"line":7,"column":24},"end":{"line":7,"column":29}},"loc":{"start":{"line":7,"column":46},"end":{"line":51,"column":1}},"line":7},"1":{"name":"(anonymous_1)","decl":{"start":{"line":14,"column":24},"end":{"line":14,"column":25}},"loc":{"start":{"line":14,"column":36},"end":{"line":28,"column":5}},"line":14},"2":{"name":"(anonymous_2)","decl":{"start":{"line":16,"column":18},"end":{"line":16,"column":19}},"loc":{"start":{"line":16,"column":38},"end":{"line":21,"column":13}},"line":16},"3":{"name":"(anonymous_3)","decl":{"start":{"line":22,"column":19},"end":{"line":22,"column":20}},"loc":{"start":{"line":22,"column":30},"end":{"line":27,"column":13}},"line":22}},"branchMap":{},"s":{"0":0,"1":0,"2":0,"3":0,"4":0,"5":0,"6":0,"7":0,"8":0,"9":0,"10":0,"11":0,"12":0},"f":{"0":0,"1":0,"2":0,"3":0},"b":{}}
,"D:\\rowingClub\\rowing-club-backup\\rowing_club_app\\src\\screens\\events\\eventRender.js": {"path":"D:\\rowingClub\\rowing-club-backup\\rowing_club_app\\src\\screens\\events\\eventRender.js","statementMap":{"0":{"start":{"line":11,"column":4},"end":{"line":22,"column":5}},"1":{"start":{"line":17,"column":49},"end":{"line":17,"column":97}},"2":{"start":{"line":26,"column":4},"end":{"line":30,"column":5}},"3":{"start":{"line":37,"column":21},"end":{"line":37,"column":67}},"4":{"start":{"line":37,"column":47},"end":{"line":37,"column":66}},"5":{"start":{"line":38,"column":8},"end":{"line":41,"column":9}},"6":{"start":{"line":40,"column":12},"end":{"line":40,"column":30}},"7":{"start":{"line":43,"column":8},"end":{"line":43,"column":58}},"8":{"start":{"line":45,"column":4},"end":{"line":50,"column":5}},"9":{"start":{"line":54,"column":4},"end":{"line":59,"column":5}},"10":{"start":{"line":65,"column":4},"end":{"line":74,"column":5}},"11":{"start":{"line":69,"column":16},"end":{"line":69,"column":51}},"12":{"start":{"line":78,"column":4},"end":{"line":94,"column":5}},"13":{"start":{"line":79,"column":8},"end":{"line":85,"column":9}},"14":{"start":{"line":81,"column":49},"end":{"line":81,"column":73}},"15":{"start":{"line":87,"column":8},"end":{"line":93,"column":9}},"16":{"start":{"line":89,"column":49},"end":{"line":89,"column":73}},"17":{"start":{"line":97,"column":4},"end":{"line":113,"column":5}},"18":{"start":{"line":98,"column":8},"end":{"line":104,"column":9}},"19":{"start":{"line":100,"column":53},"end":{"line":100,"column":71}},"20":{"start":{"line":106,"column":8},"end":{"line":112,"column":9}},"21":{"start":{"line":108,"column":49},"end":{"line":108,"column":67}},"22":{"start":{"line":116,"column":25},"end":{"line":127,"column":1}},"23":{"start":{"line":117,"column":4},"end":{"line":121,"column":15}},"24":{"start":{"line":122,"column":4},"end":{"line":126,"column":15}},"25":{"start":{"line":128,"column":25},"end":{"line":139,"column":1}},"26":{"start":{"line":129,"column":4},"end":{"line":133,"column":15}},"27":{"start":{"line":134,"column":4},"end":{"line":138,"column":15}}},"fnMap":{"0":{"name":"renderTitle","decl":{"start":{"line":10,"column":16},"end":{"line":10,"column":27}},"loc":{"start":{"line":10,"column":65},"end":{"line":23,"column":1}},"line":10},"1":{"name":"(anonymous_1)","decl":{"start":{"line":17,"column":43},"end":{"line":17,"column":44}},"loc":{"start":{"line":17,"column":49},"end":{"line":17,"column":97}},"line":17},"2":{"name":"renderDate","decl":{"start":{"line":25,"column":16},"end":{"line":25,"column":26}},"loc":{"start":{"line":25,"column":33},"end":{"line":31,"column":1}},"line":25},"3":{"name":"renderGroup","decl":{"start":{"line":33,"column":16},"end":{"line":33,"column":27}},"loc":{"start":{"line":33,"column":48},"end":{"line":51,"column":1}},"line":33},"4":{"name":"getTypeName","decl":{"start":{"line":35,"column":13},"end":{"line":35,"column":24}},"loc":{"start":{"line":35,"column":33},"end":{"line":44,"column":5}},"line":35},"5":{"name":"(anonymous_5)","decl":{"start":{"line":37,"column":39},"end":{"line":37,"column":40}},"loc":{"start":{"line":37,"column":47},"end":{"line":37,"column":66}},"line":37},"6":{"name":"renderDesc","decl":{"start":{"line":53,"column":16},"end":{"line":53,"column":26}},"loc":{"start":{"line":53,"column":45},"end":{"line":60,"column":1}},"line":53},"7":{"name":"editButton","decl":{"start":{"line":64,"column":16},"end":{"line":64,"column":26}},"loc":{"start":{"line":64,"column":47},"end":{"line":75,"column":1}},"line":64},"8":{"name":"(anonymous_8)","decl":{"start":{"line":68,"column":21},"end":{"line":68,"column":22}},"loc":{"start":{"line":68,"column":27},"end":{"line":70,"column":13}},"line":68},"9":{"name":"plusButton","decl":{"start":{"line":77,"column":16},"end":{"line":77,"column":26}},"loc":{"start":{"line":77,"column":63},"end":{"line":95,"column":1}},"line":77},"10":{"name":"(anonymous_10)","decl":{"start":{"line":81,"column":43},"end":{"line":81,"column":44}},"loc":{"start":{"line":81,"column":49},"end":{"line":81,"column":73}},"line":81},"11":{"name":"(anonymous_11)","decl":{"start":{"line":89,"column":43},"end":{"line":89,"column":44}},"loc":{"start":{"line":89,"column":49},"end":{"line":89,"column":73}},"line":89},"12":{"name":"deleteButton","decl":{"start":{"line":96,"column":16},"end":{"line":96,"column":28}},"loc":{"start":{"line":96,"column":63},"end":{"line":114,"column":1}},"line":96},"13":{"name":"(anonymous_13)","decl":{"start":{"line":100,"column":47},"end":{"line":100,"column":48}},"loc":{"start":{"line":100,"column":53},"end":{"line":100,"column":71}},"line":100},"14":{"name":"(anonymous_14)","decl":{"start":{"line":108,"column":43},"end":{"line":108,"column":44}},"loc":{"start":{"line":108,"column":49},"end":{"line":108,"column":67}},"line":108},"15":{"name":"(anonymous_15)","decl":{"start":{"line":116,"column":25},"end":{"line":116,"column":26}},"loc":{"start":{"line":116,"column":43},"end":{"line":127,"column":1}},"line":116},"16":{"name":"(anonymous_16)","decl":{"start":{"line":128,"column":25},"end":{"line":128,"column":26}},"loc":{"start":{"line":128,"column":43},"end":{"line":139,"column":1}},"line":128}},"branchMap":{"0":{"loc":{"start":{"line":16,"column":13},"end":{"line":20,"column":13}},"type":"binary-expr","locations":[{"start":{"line":16,"column":13},"end":{"line":16,"column":23}},{"start":{"line":17,"column":16},"end":{"line":19,"column":35}}],"line":16},"1":{"loc":{"start":{"line":38,"column":8},"end":{"line":41,"column":9}},"type":"if","locations":[{"start":{"line":38,"column":8},"end":{"line":41,"column":9}},{"start":{},"end":{}}],"line":38},"2":{"loc":{"start":{"line":69,"column":16},"end":{"line":69,"column":50}},"type":"cond-expr","locations":[{"start":{"line":69,"column":32},"end":{"line":69,"column":39}},{"start":{"line":69,"column":42},"end":{"line":69,"column":50}}],"line":69},"3":{"loc":{"start":{"line":72,"column":27},"end":{"line":72,"column":52}},"type":"cond-expr","locations":[{"start":{"line":72,"column":33},"end":{"line":72,"column":41}},{"start":{"line":72,"column":44},"end":{"line":72,"column":52}}],"line":72},"4":{"loc":{"start":{"line":78,"column":4},"end":{"line":94,"column":5}},"type":"if","locations":[{"start":{"line":78,"column":4},"end":{"line":94,"column":5}},{"start":{"line":86,"column":11},"end":{"line":94,"column":5}}],"line":78},"5":{"loc":{"start":{"line":97,"column":4},"end":{"line":113,"column":5}},"type":"if","locations":[{"start":{"line":97,"column":4},"end":{"line":113,"column":5}},{"start":{"line":105,"column":11},"end":{"line":113,"column":5}}],"line":97}},"s":{"0":0,"1":0,"2":0,"3":0,"4":0,"5":0,"6":0,"7":0,"8":0,"9":0,"10":0,"11":0,"12":0,"13":0,"14":0,"15":0,"16":0,"17":0,"18":0,"19":0,"20":0,"21":0,"22":0,"23":0,"24":0,"25":0,"26":0,"27":0},"f":{"0":0,"1":0,"2":0,"3":0,"4":0,"5":0,"6":0,"7":0,"8":0,"9":0,"10":0,"11":0,"12":0,"13":0,"14":0,"15":0,"16":0},"b":{"0":[0,0],"1":[0,0],"2":[0,0],"3":[0,0],"4":[0,0],"5":[0,0]}}
,"D:\\rowingClub\\rowing-club-backup\\rowing_club_app\\src\\screens\\events\\events.js": {"path":"D:\\rowingClub\\rowing-club-backup\\rowing_club_app\\src\\screens\\events\\events.js","statementMap":{"0":{"start":{"line":9,"column":34},"end":{"line":9,"column":44}},"1":{"start":{"line":10,"column":22},"end":{"line":10,"column":45}},"2":{"start":{"line":13,"column":4},"end":{"line":21,"column":28}},"3":{"start":{"line":14,"column":8},"end":{"line":20,"column":9}},"4":{"start":{"line":16,"column":12},"end":{"line":16,"column":40}},"5":{"start":{"line":19,"column":12},"end":{"line":19,"column":40}},"6":{"start":{"line":23,"column":4},"end":{"line":23,"column":19}}},"fnMap":{"0":{"name":"EventsScreen","decl":{"start":{"line":7,"column":24},"end":{"line":7,"column":36}},"loc":{"start":{"line":7,"column":39},"end":{"line":24,"column":1}},"line":7},"1":{"name":"(anonymous_1)","decl":{"start":{"line":13,"column":14},"end":{"line":13,"column":15}},"loc":{"start":{"line":13,"column":20},"end":{"line":21,"column":5}},"line":13}},"branchMap":{"0":{"loc":{"start":{"line":14,"column":8},"end":{"line":20,"column":9}},"type":"if","locations":[{"start":{"line":14,"column":8},"end":{"line":20,"column":9}},{"start":{"line":17,"column":15},"end":{"line":20,"column":9}}],"line":14}},"s":{"0":0,"1":0,"2":0,"3":0,"4":0,"5":0,"6":0},"f":{"0":0,"1":0},"b":{"0":[0,0]}}
,"D:\\rowingClub\\rowing-club-backup\\rowing_club_app\\src\\screens\\events\\eventsCoach.js": {"path":"D:\\rowingClub\\rowing-club-backup\\rowing_club_app\\src\\screens\\events\\eventsCoach.js","statementMap":{"0":{"start":{"line":14,"column":44},"end":{"line":14,"column":56}},"1":{"start":{"line":15,"column":38},"end":{"line":15,"column":50}},"2":{"start":{"line":16,"column":32},"end":{"line":16,"column":44}},"3":{"start":{"line":18,"column":40},"end":{"line":18,"column":55}},"4":{"start":{"line":19,"column":29},"end":{"line":19,"column":61}},"5":{"start":{"line":19,"column":35},"end":{"line":19,"column":61}},"6":{"start":{"line":20,"column":42},"end":{"line":20,"column":57}},"7":{"start":{"line":21,"column":30},"end":{"line":21,"column":64}},"8":{"start":{"line":21,"column":36},"end":{"line":21,"column":64}},"9":{"start":{"line":24,"column":20},"end":{"line":24,"column":53}},"10":{"start":{"line":25,"column":20},"end":{"line":25,"column":52}},"11":{"start":{"line":26,"column":26},"end":{"line":26,"column":41}},"12":{"start":{"line":28,"column":50},"end":{"line":28,"column":65}},"13":{"start":{"line":29,"column":46},"end":{"line":29,"column":58}},"14":{"start":{"line":30,"column":46},"end":{"line":30,"column":58}},"15":{"start":{"line":31,"column":52},"end":{"line":31,"column":64}},"16":{"start":{"line":32,"column":58},"end":{"line":32,"column":70}},"17":{"start":{"line":35,"column":4},"end":{"line":53,"column":11}},"18":{"start":{"line":36,"column":34},"end":{"line":36,"column":36}},"19":{"start":{"line":38,"column":30},"end":{"line":49,"column":10}},"20":{"start":{"line":40,"column":12},"end":{"line":46,"column":15}},"21":{"start":{"line":41,"column":33},"end":{"line":41,"column":60}},"22":{"start":{"line":42,"column":16},"end":{"line":45,"column":17}},"23":{"start":{"line":44,"column":20},"end":{"line":44,"column":86}},"24":{"start":{"line":48,"column":12},"end":{"line":48,"column":49}},"25":{"start":{"line":52,"column":8},"end":{"line":52,"column":37}},"26":{"start":{"line":52,"column":21},"end":{"line":52,"column":36}},"27":{"start":{"line":55,"column":4},"end":{"line":57,"column":33}},"28":{"start":{"line":56,"column":8},"end":{"line":56,"column":47}},"29":{"start":{"line":60,"column":23},"end":{"line":68,"column":5}},"30":{"start":{"line":62,"column":8},"end":{"line":67,"column":15}},"31":{"start":{"line":70,"column":18},"end":{"line":73,"column":5}},"32":{"start":{"line":71,"column":8},"end":{"line":71,"column":21}},"33":{"start":{"line":72,"column":8},"end":{"line":72,"column":43}},"34":{"start":{"line":74,"column":19},"end":{"line":77,"column":5}},"35":{"start":{"line":75,"column":8},"end":{"line":75,"column":22}},"36":{"start":{"line":76,"column":8},"end":{"line":76,"column":43}},"37":{"start":{"line":79,"column":24},"end":{"line":124,"column":5}},"38":{"start":{"line":80,"column":8},"end":{"line":123,"column":15}},"39":{"start":{"line":87,"column":42},"end":{"line":87,"column":64}},"40":{"start":{"line":104,"column":40},"end":{"line":104,"column":64}},"41":{"start":{"line":116,"column":42},"end":{"line":116,"column":70}},"42":{"start":{"line":121,"column":53},"end":{"line":121,"column":78}},"43":{"start":{"line":127,"column":24},"end":{"line":154,"column":5}},"44":{"start":{"line":129,"column":8},"end":{"line":131,"column":9}},"45":{"start":{"line":130,"column":12},"end":{"line":130,"column":18}},"46":{"start":{"line":133,"column":8},"end":{"line":135,"column":9}},"47":{"start":{"line":134,"column":12},"end":{"line":134,"column":18}},"48":{"start":{"line":137,"column":8},"end":{"line":147,"column":9}},"49":{"start":{"line":138,"column":12},"end":{"line":138,"column":25}},"50":{"start":{"line":139,"column":27},"end":{"line":144,"column":14}},"51":{"start":{"line":146,"column":12},"end":{"line":146,"column":57}},"52":{"start":{"line":148,"column":8},"end":{"line":148,"column":34}},"53":{"start":{"line":149,"column":8},"end":{"line":149,"column":28}},"54":{"start":{"line":150,"column":8},"end":{"line":150,"column":29}},"55":{"start":{"line":151,"column":8},"end":{"line":151,"column":29}},"56":{"start":{"line":152,"column":8},"end":{"line":152,"column":32}},"57":{"start":{"line":153,"column":8},"end":{"line":153,"column":35}},"58":{"start":{"line":157,"column":4},"end":{"line":189,"column":6}},"59":{"start":{"line":163,"column":42},"end":{"line":163,"column":59}},"60":{"start":{"line":171,"column":135},"end":{"line":171,"column":142}},"61":{"start":{"line":185,"column":67},"end":{"line":185,"column":92}}},"fnMap":{"0":{"name":"EventsCoach","decl":{"start":{"line":12,"column":24},"end":{"line":12,"column":35}},"loc":{"start":{"line":12,"column":38},"end":{"line":190,"column":1}},"line":12},"1":{"name":"(anonymous_1)","decl":{"start":{"line":19,"column":29},"end":{"line":19,"column":30}},"loc":{"start":{"line":19,"column":35},"end":{"line":19,"column":61}},"line":19},"2":{"name":"(anonymous_2)","decl":{"start":{"line":21,"column":30},"end":{"line":21,"column":31}},"loc":{"start":{"line":21,"column":36},"end":{"line":21,"column":64}},"line":21},"3":{"name":"(anonymous_3)","decl":{"start":{"line":35,"column":14},"end":{"line":35,"column":15}},"loc":{"start":{"line":35,"column":20},"end":{"line":53,"column":5}},"line":35},"4":{"name":"(anonymous_4)","decl":{"start":{"line":38,"column":69},"end":{"line":38,"column":70}},"loc":{"start":{"line":38,"column":83},"end":{"line":49,"column":9}},"line":38},"5":{"name":"(anonymous_5)","decl":{"start":{"line":40,"column":34},"end":{"line":40,"column":35}},"loc":{"start":{"line":40,"column":43},"end":{"line":46,"column":13}},"line":40},"6":{"name":"(anonymous_6)","decl":{"start":{"line":52,"column":15},"end":{"line":52,"column":16}},"loc":{"start":{"line":52,"column":21},"end":{"line":52,"column":36}},"line":52},"7":{"name":"(anonymous_7)","decl":{"start":{"line":55,"column":14},"end":{"line":55,"column":15}},"loc":{"start":{"line":55,"column":20},"end":{"line":57,"column":5}},"line":55},"8":{"name":"(anonymous_8)","decl":{"start":{"line":60,"column":23},"end":{"line":60,"column":24}},"loc":{"start":{"line":62,"column":8},"end":{"line":67,"column":15}},"line":62},"9":{"name":"(anonymous_9)","decl":{"start":{"line":70,"column":18},"end":{"line":70,"column":19}},"loc":{"start":{"line":70,"column":24},"end":{"line":73,"column":5}},"line":70},"10":{"name":"(anonymous_10)","decl":{"start":{"line":74,"column":19},"end":{"line":74,"column":20}},"loc":{"start":{"line":74,"column":25},"end":{"line":77,"column":5}},"line":74},"11":{"name":"(anonymous_11)","decl":{"start":{"line":79,"column":24},"end":{"line":79,"column":25}},"loc":{"start":{"line":80,"column":8},"end":{"line":123,"column":15}},"line":80},"12":{"name":"(anonymous_12)","decl":{"start":{"line":87,"column":34},"end":{"line":87,"column":35}},"loc":{"start":{"line":87,"column":42},"end":{"line":87,"column":64}},"line":87},"13":{"name":"(anonymous_13)","decl":{"start":{"line":104,"column":33},"end":{"line":104,"column":34}},"loc":{"start":{"line":104,"column":40},"end":{"line":104,"column":64}},"line":104},"14":{"name":"(anonymous_14)","decl":{"start":{"line":116,"column":34},"end":{"line":116,"column":35}},"loc":{"start":{"line":116,"column":42},"end":{"line":116,"column":70}},"line":116},"15":{"name":"(anonymous_15)","decl":{"start":{"line":121,"column":47},"end":{"line":121,"column":48}},"loc":{"start":{"line":121,"column":53},"end":{"line":121,"column":78}},"line":121},"16":{"name":"(anonymous_16)","decl":{"start":{"line":127,"column":24},"end":{"line":127,"column":25}},"loc":{"start":{"line":127,"column":36},"end":{"line":154,"column":5}},"line":127},"17":{"name":"(anonymous_17)","decl":{"start":{"line":163,"column":33},"end":{"line":163,"column":34}},"loc":{"start":{"line":163,"column":42},"end":{"line":163,"column":59}},"line":163},"18":{"name":"(anonymous_18)","decl":{"start":{"line":171,"column":125},"end":{"line":171,"column":126}},"loc":{"start":{"line":171,"column":135},"end":{"line":171,"column":142}},"line":171},"19":{"name":"(anonymous_19)","decl":{"start":{"line":185,"column":61},"end":{"line":185,"column":62}},"loc":{"start":{"line":185,"column":67},"end":{"line":185,"column":92}},"line":185}},"branchMap":{"0":{"loc":{"start":{"line":42,"column":16},"end":{"line":45,"column":17}},"type":"if","locations":[{"start":{"line":42,"column":16},"end":{"line":45,"column":17}},{"start":{},"end":{}}],"line":42},"1":{"loc":{"start":{"line":129,"column":8},"end":{"line":131,"column":9}},"type":"if","locations":[{"start":{"line":129,"column":8},"end":{"line":131,"column":9}},{"start":{},"end":{}}],"line":129},"2":{"loc":{"start":{"line":133,"column":8},"end":{"line":135,"column":9}},"type":"if","locations":[{"start":{"line":133,"column":8},"end":{"line":135,"column":9}},{"start":{},"end":{}}],"line":133}},"s":{"0":0,"1":0,"2":0,"3":0,"4":0,"5":0,"6":0,"7":0,"8":0,"9":0,"10":0,"11":0,"12":0,"13":0,"14":0,"15":0,"16":0,"17":0,"18":0,"19":0,"20":0,"21":0,"22":0,"23":0,"24":0,"25":0,"26":0,"27":0,"28":0,"29":0,"30":0,"31":0,"32":0,"33":0,"34":0,"35":0,"36":0,"37":0,"38":0,"39":0,"40":0,"41":0,"42":0,"43":0,"44":0,"45":0,"46":0,"47":0,"48":0,"49":0,"50":0,"51":0,"52":0,"53":0,"54":0,"55":0,"56":0,"57":0,"58":0,"59":0,"60":0,"61":0},"f":{"0":0,"1":0,"2":0,"3":0,"4":0,"5":0,"6":0,"7":0,"8":0,"9":0,"10":0,"11":0,"12":0,"13":0,"14":0,"15":0,"16":0,"17":0,"18":0,"19":0},"b":{"0":[0,0],"1":[0,0],"2":[0,0]}}
,"D:\\rowingClub\\rowing-club-backup\\rowing_club_app\\src\\screens\\events\\eventsRower.js": {"path":"D:\\rowingClub\\rowing-club-backup\\rowing_club_app\\src\\screens\\events\\eventsRower.js","statementMap":{"0":{"start":{"line":12,"column":40},"end":{"line":12,"column":50}},"1":{"start":{"line":13,"column":37},"end":{"line":13,"column":49}},"2":{"start":{"line":14,"column":21},"end":{"line":14,"column":44}},"3":{"start":{"line":16,"column":4},"end":{"line":46,"column":21}},"4":{"start":{"line":18,"column":19},"end":{"line":18,"column":81}},"5":{"start":{"line":19,"column":31},"end":{"line":22,"column":10}},"6":{"start":{"line":21,"column":12},"end":{"line":21,"column":58}},"7":{"start":{"line":25,"column":24},"end":{"line":25,"column":26}},"8":{"start":{"line":26,"column":19},"end":{"line":28,"column":9}},"9":{"start":{"line":29,"column":31},"end":{"line":39,"column":10}},"10":{"start":{"line":30,"column":12},"end":{"line":38,"column":15}},"11":{"start":{"line":31,"column":30},"end":{"line":31,"column":59}},"12":{"start":{"line":32,"column":16},"end":{"line":37,"column":17}},"13":{"start":{"line":34,"column":20},"end":{"line":34,"column":42}},"14":{"start":{"line":36,"column":20},"end":{"line":36,"column":41}},"15":{"start":{"line":42,"column":8},"end":{"line":45,"column":10}},"16":{"start":{"line":43,"column":12},"end":{"line":43,"column":29}},"17":{"start":{"line":44,"column":12},"end":{"line":44,"column":29}},"18":{"start":{"line":49,"column":23},"end":{"line":62,"column":5}},"19":{"start":{"line":50,"column":8},"end":{"line":61,"column":15}},"20":{"start":{"line":65,"column":4},"end":{"line":70,"column":6}},"21":{"start":{"line":68,"column":87},"end":{"line":68,"column":94}}},"fnMap":{"0":{"name":"EventsRower","decl":{"start":{"line":10,"column":24},"end":{"line":10,"column":35}},"loc":{"start":{"line":10,"column":52},"end":{"line":71,"column":1}},"line":10},"1":{"name":"(anonymous_1)","decl":{"start":{"line":16,"column":14},"end":{"line":16,"column":15}},"loc":{"start":{"line":16,"column":20},"end":{"line":46,"column":5}},"line":16},"2":{"name":"(anonymous_2)","decl":{"start":{"line":19,"column":46},"end":{"line":19,"column":47}},"loc":{"start":{"line":19,"column":60},"end":{"line":22,"column":9}},"line":19},"3":{"name":"(anonymous_3)","decl":{"start":{"line":29,"column":46},"end":{"line":29,"column":47}},"loc":{"start":{"line":29,"column":60},"end":{"line":39,"column":9}},"line":29},"4":{"name":"(anonymous_4)","decl":{"start":{"line":30,"column":34},"end":{"line":30,"column":35}},"loc":{"start":{"line":30,"column":43},"end":{"line":38,"column":13}},"line":30},"5":{"name":"(anonymous_5)","decl":{"start":{"line":42,"column":15},"end":{"line":42,"column":16}},"loc":{"start":{"line":42,"column":21},"end":{"line":45,"column":9}},"line":42},"6":{"name":"(anonymous_6)","decl":{"start":{"line":49,"column":23},"end":{"line":49,"column":24}},"loc":{"start":{"line":50,"column":8},"end":{"line":61,"column":15}},"line":50},"7":{"name":"(anonymous_7)","decl":{"start":{"line":68,"column":79},"end":{"line":68,"column":80}},"loc":{"start":{"line":68,"column":87},"end":{"line":68,"column":94}},"line":68}},"branchMap":{"0":{"loc":{"start":{"line":32,"column":16},"end":{"line":37,"column":17}},"type":"if","locations":[{"start":{"line":32,"column":16},"end":{"line":37,"column":17}},{"start":{},"end":{}}],"line":32}},"s":{"0":0,"1":0,"2":0,"3":0,"4":0,"5":0,"6":0,"7":0,"8":0,"9":0,"10":0,"11":0,"12":0,"13":0,"14":0,"15":0,"16":0,"17":0,"18":0,"19":0,"20":0,"21":0},"f":{"0":0,"1":0,"2":0,"3":0,"4":0,"5":0,"6":0,"7":0},"b":{"0":[0,0]}}
,"D:\\rowingClub\\rowing-club-backup\\rowing_club_app\\src\\screens\\events\\eventsUtil.js": {"path":"D:\\rowingClub\\rowing-club-backup\\rowing_club_app\\src\\screens\\events\\eventsUtil.js","statementMap":{"0":{"start":{"line":6,"column":27},"end":{"line":27,"column":1}},"1":{"start":{"line":8,"column":4},"end":{"line":12,"column":5}},"2":{"start":{"line":10,"column":8},"end":{"line":10,"column":21}},"3":{"start":{"line":11,"column":8},"end":{"line":11,"column":15}},"4":{"start":{"line":13,"column":20},"end":{"line":13,"column":22}},"5":{"start":{"line":15,"column":4},"end":{"line":22,"column":5}},"6":{"start":{"line":17,"column":18},"end":{"line":17,"column":81}},"7":{"start":{"line":18,"column":30},"end":{"line":18,"column":46}},"8":{"start":{"line":19,"column":8},"end":{"line":21,"column":11}},"9":{"start":{"line":20,"column":12},"end":{"line":20,"column":58}},"10":{"start":{"line":24,"column":4},"end":{"line":24,"column":78}},"11":{"start":{"line":24,"column":46},"end":{"line":24,"column":77}},"12":{"start":{"line":26,"column":4},"end":{"line":26,"column":25}},"13":{"start":{"line":31,"column":31},"end":{"line":41,"column":1}},"14":{"start":{"line":32,"column":4},"end":{"line":40,"column":6}},"15":{"start":{"line":37,"column":45},"end":{"line":37,"column":84}},"16":{"start":{"line":43,"column":27},"end":{"line":50,"column":1}},"17":{"start":{"line":44,"column":4},"end":{"line":49,"column":5}},"18":{"start":{"line":45,"column":8},"end":{"line":45,"column":51}},"19":{"start":{"line":46,"column":8},"end":{"line":46,"column":28}},"20":{"start":{"line":48,"column":8},"end":{"line":48,"column":55}},"21":{"start":{"line":55,"column":4},"end":{"line":64,"column":5}},"22":{"start":{"line":56,"column":8},"end":{"line":62,"column":10}},"23":{"start":{"line":63,"column":8},"end":{"line":63,"column":19}},"24":{"start":{"line":65,"column":4},"end":{"line":65,"column":16}},"25":{"start":{"line":69,"column":4},"end":{"line":78,"column":5}},"26":{"start":{"line":70,"column":8},"end":{"line":76,"column":10}},"27":{"start":{"line":77,"column":8},"end":{"line":77,"column":20}},"28":{"start":{"line":79,"column":4},"end":{"line":79,"column":15}},"29":{"start":{"line":86,"column":17},"end":{"line":86,"column":35}},"30":{"start":{"line":88,"column":23},"end":{"line":93,"column":6}},"31":{"start":{"line":95,"column":23},"end":{"line":99,"column":19}},"32":{"start":{"line":101,"column":20},"end":{"line":101,"column":50}},"33":{"start":{"line":103,"column":4},"end":{"line":103,"column":19}},"34":{"start":{"line":108,"column":19},"end":{"line":108,"column":56}},"35":{"start":{"line":109,"column":4},"end":{"line":111,"column":5}},"36":{"start":{"line":110,"column":8},"end":{"line":110,"column":20}},"37":{"start":{"line":113,"column":28},"end":{"line":113,"column":72}},"38":{"start":{"line":113,"column":61},"end":{"line":113,"column":71}},"39":{"start":{"line":114,"column":29},"end":{"line":114,"column":56}},"40":{"start":{"line":115,"column":31},"end":{"line":115,"column":61}},"41":{"start":{"line":117,"column":4},"end":{"line":119,"column":5}},"42":{"start":{"line":118,"column":8},"end":{"line":118,"column":21}},"43":{"start":{"line":121,"column":24},"end":{"line":121,"column":58}},"44":{"start":{"line":122,"column":4},"end":{"line":124,"column":5}},"45":{"start":{"line":123,"column":8},"end":{"line":123,"column":21}},"46":{"start":{"line":126,"column":4},"end":{"line":128,"column":5}},"47":{"start":{"line":127,"column":8},"end":{"line":127,"column":21}},"48":{"start":{"line":130,"column":4},"end":{"line":132,"column":5}},"49":{"start":{"line":131,"column":8},"end":{"line":131,"column":21}},"50":{"start":{"line":134,"column":4},"end":{"line":134,"column":15}},"51":{"start":{"line":137,"column":33},"end":{"line":152,"column":1}},"52":{"start":{"line":139,"column":28},"end":{"line":139,"column":73}},"53":{"start":{"line":139,"column":62},"end":{"line":139,"column":72}},"54":{"start":{"line":142,"column":29},"end":{"line":142,"column":56}},"55":{"start":{"line":144,"column":31},"end":{"line":144,"column":61}},"56":{"start":{"line":147,"column":17},"end":{"line":147,"column":63}},"57":{"start":{"line":149,"column":22},"end":{"line":149,"column":46}},"58":{"start":{"line":151,"column":4},"end":{"line":151,"column":21}}},"fnMap":{"0":{"name":"(anonymous_0)","decl":{"start":{"line":6,"column":27},"end":{"line":6,"column":28}},"loc":{"start":{"line":6,"column":59},"end":{"line":27,"column":1}},"line":6},"1":{"name":"(anonymous_1)","decl":{"start":{"line":19,"column":30},"end":{"line":19,"column":31}},"loc":{"start":{"line":19,"column":39},"end":{"line":21,"column":9}},"line":19},"2":{"name":"(anonymous_2)","decl":{"start":{"line":24,"column":36},"end":{"line":24,"column":37}},"loc":{"start":{"line":24,"column":46},"end":{"line":24,"column":77}},"line":24},"3":{"name":"(anonymous_3)","decl":{"start":{"line":31,"column":31},"end":{"line":31,"column":32}},"loc":{"start":{"line":31,"column":63},"end":{"line":41,"column":1}},"line":31},"4":{"name":"(anonymous_4)","decl":{"start":{"line":37,"column":39},"end":{"line":37,"column":40}},"loc":{"start":{"line":37,"column":45},"end":{"line":37,"column":84}},"line":37},"5":{"name":"(anonymous_5)","decl":{"start":{"line":43,"column":27},"end":{"line":43,"column":28}},"loc":{"start":{"line":43,"column":65},"end":{"line":50,"column":1}},"line":43},"6":{"name":"checkEmpty","decl":{"start":{"line":54,"column":16},"end":{"line":54,"column":26}},"loc":{"start":{"line":54,"column":53},"end":{"line":66,"column":1}},"line":54},"7":{"name":"checkDateFormat","decl":{"start":{"line":68,"column":16},"end":{"line":68,"column":31}},"loc":{"start":{"line":68,"column":44},"end":{"line":80,"column":1}},"line":68},"8":{"name":"timestampToString","decl":{"start":{"line":84,"column":16},"end":{"line":84,"column":33}},"loc":{"start":{"line":84,"column":45},"end":{"line":104,"column":1}},"line":84},"9":{"name":"checkStringDate","decl":{"start":{"line":106,"column":16},"end":{"line":106,"column":31}},"loc":{"start":{"line":106,"column":44},"end":{"line":135,"column":1}},"line":106},"10":{"name":"(anonymous_10)","decl":{"start":{"line":113,"column":54},"end":{"line":113,"column":55}},"loc":{"start":{"line":113,"column":61},"end":{"line":113,"column":71}},"line":113},"11":{"name":"(anonymous_11)","decl":{"start":{"line":137,"column":33},"end":{"line":137,"column":34}},"loc":{"start":{"line":137,"column":50},"end":{"line":152,"column":1}},"line":137},"12":{"name":"(anonymous_12)","decl":{"start":{"line":139,"column":55},"end":{"line":139,"column":56}},"loc":{"start":{"line":139,"column":62},"end":{"line":139,"column":72}},"line":139}},"branchMap":{"0":{"loc":{"start":{"line":8,"column":4},"end":{"line":12,"column":5}},"type":"if","locations":[{"start":{"line":8,"column":4},"end":{"line":12,"column":5}},{"start":{},"end":{}}],"line":8},"1":{"loc":{"start":{"line":55,"column":4},"end":{"line":64,"column":5}},"type":"if","locations":[{"start":{"line":55,"column":4},"end":{"line":64,"column":5}},{"start":{},"end":{}}],"line":55},"2":{"loc":{"start":{"line":55,"column":7},"end":{"line":55,"column":69}},"type":"binary-expr","locations":[{"start":{"line":55,"column":8},"end":{"line":55,"column":19}},{"start":{"line":55,"column":25},"end":{"line":55,"column":35}},{"start":{"line":55,"column":41},"end":{"line":55,"column":51}},{"start":{"line":55,"column":57},"end":{"line":55,"column":68}}],"line":55},"3":{"loc":{"start":{"line":69,"column":4},"end":{"line":78,"column":5}},"type":"if","locations":[{"start":{"line":69,"column":4},"end":{"line":78,"column":5}},{"start":{},"end":{}}],"line":69},"4":{"loc":{"start":{"line":109,"column":4},"end":{"line":111,"column":5}},"type":"if","locations":[{"start":{"line":109,"column":4},"end":{"line":111,"column":5}},{"start":{},"end":{}}],"line":109},"5":{"loc":{"start":{"line":117,"column":4},"end":{"line":119,"column":5}},"type":"if","locations":[{"start":{"line":117,"column":4},"end":{"line":119,"column":5}},{"start":{},"end":{}}],"line":117},"6":{"loc":{"start":{"line":117,"column":8},"end":{"line":117,"column":62}},"type":"binary-expr","locations":[{"start":{"line":117,"column":8},"end":{"line":117,"column":17}},{"start":{"line":117,"column":21},"end":{"line":117,"column":31}},{"start":{"line":117,"column":35},"end":{"line":117,"column":46}},{"start":{"line":117,"column":50},"end":{"line":117,"column":62}}],"line":117},"7":{"loc":{"start":{"line":122,"column":4},"end":{"line":124,"column":5}},"type":"if","locations":[{"start":{"line":122,"column":4},"end":{"line":124,"column":5}},{"start":{},"end":{}}],"line":122},"8":{"loc":{"start":{"line":122,"column":8},"end":{"line":122,"column":36}},"type":"binary-expr","locations":[{"start":{"line":122,"column":8},"end":{"line":122,"column":15}},{"start":{"line":122,"column":19},"end":{"line":122,"column":36}}],"line":122},"9":{"loc":{"start":{"line":126,"column":4},"end":{"line":128,"column":5}},"type":"if","locations":[{"start":{"line":126,"column":4},"end":{"line":128,"column":5}},{"start":{},"end":{}}],"line":126},"10":{"loc":{"start":{"line":126,"column":8},"end":{"line":126,"column":31}},"type":"binary-expr","locations":[{"start":{"line":126,"column":8},"end":{"line":126,"column":17}},{"start":{"line":126,"column":21},"end":{"line":126,"column":31}}],"line":126},"11":{"loc":{"start":{"line":130,"column":4},"end":{"line":132,"column":5}},"type":"if","locations":[{"start":{"line":130,"column":4},"end":{"line":132,"column":5}},{"start":{},"end":{}}],"line":130},"12":{"loc":{"start":{"line":130,"column":8},"end":{"line":130,"column":34}},"type":"binary-expr","locations":[{"start":{"line":130,"column":8},"end":{"line":130,"column":19}},{"start":{"line":130,"column":23},"end":{"line":130,"column":34}}],"line":130}},"s":{"0":0,"1":0,"2":0,"3":0,"4":0,"5":0,"6":0,"7":0,"8":0,"9":0,"10":0,"11":0,"12":0,"13":0,"14":0,"15":0,"16":0,"17":0,"18":0,"19":0,"20":0,"21":0,"22":0,"23":0,"24":0,"25":0,"26":0,"27":0,"28":0,"29":0,"30":0,"31":0,"32":0,"33":0,"34":0,"35":0,"36":0,"37":0,"38":0,"39":0,"40":0,"41":0,"42":0,"43":0,"44":0,"45":0,"46":0,"47":0,"48":0,"49":0,"50":0,"51":0,"52":0,"53":0,"54":0,"55":0,"56":0,"57":0,"58":0},"f":{"0":0,"1":0,"2":0,"3":0,"4":0,"5":0,"6":0,"7":0,"8":0,"9":0,"10":0,"11":0,"12":0},"b":{"0":[0,0],"1":[0,0],"2":[0,0,0,0],"3":[0,0],"4":[0,0],"5":[0,0],"6":[0,0,0,0],"7":[0,0],"8":[0,0],"9":[0,0],"10":[0,0],"11":[0,0],"12":[0,0]}}
,"D:\\rowingClub\\rowing-club-backup\\rowing_club_app\\src\\screens\\home\\home.js": {"path":"D:\\rowingClub\\rowing-club-backup\\rowing_club_app\\src\\screens\\home\\home.js","statementMap":{"0":{"start":{"line":10,"column":17},"end":{"line":10,"column":26}},"1":{"start":{"line":11,"column":41},"end":{"line":11,"column":64}},"2":{"start":{"line":13,"column":34},"end":{"line":13,"column":44}},"3":{"start":{"line":16,"column":4},"end":{"line":24,"column":11}},"4":{"start":{"line":17,"column":28},"end":{"line":21,"column":10}},"5":{"start":{"line":18,"column":12},"end":{"line":20,"column":13}},"6":{"start":{"line":19,"column":16},"end":{"line":19,"column":44}},"7":{"start":{"line":23,"column":8},"end":{"line":23,"column":35}},"8":{"start":{"line":23,"column":21},"end":{"line":23,"column":34}},"9":{"start":{"line":27,"column":4},"end":{"line":37,"column":18}},"10":{"start":{"line":28,"column":8},"end":{"line":35,"column":9}},"11":{"start":{"line":30,"column":12},"end":{"line":30,"column":38}},"12":{"start":{"line":34,"column":12},"end":{"line":34,"column":38}},"13":{"start":{"line":39,"column":4},"end":{"line":39,"column":19}}},"fnMap":{"0":{"name":"HomeScreen","decl":{"start":{"line":8,"column":24},"end":{"line":8,"column":34}},"loc":{"start":{"line":8,"column":51},"end":{"line":41,"column":1}},"line":8},"1":{"name":"(anonymous_1)","decl":{"start":{"line":16,"column":14},"end":{"line":16,"column":15}},"loc":{"start":{"line":16,"column":20},"end":{"line":24,"column":5}},"line":16},"2":{"name":"(anonymous_2)","decl":{"start":{"line":17,"column":53},"end":{"line":17,"column":54}},"loc":{"start":{"line":17,"column":63},"end":{"line":21,"column":9}},"line":17},"3":{"name":"(anonymous_3)","decl":{"start":{"line":23,"column":15},"end":{"line":23,"column":16}},"loc":{"start":{"line":23,"column":21},"end":{"line":23,"column":34}},"line":23},"4":{"name":"(anonymous_4)","decl":{"start":{"line":27,"column":14},"end":{"line":27,"column":15}},"loc":{"start":{"line":27,"column":20},"end":{"line":37,"column":5}},"line":27}},"branchMap":{"0":{"loc":{"start":{"line":18,"column":12},"end":{"line":20,"column":13}},"type":"if","locations":[{"start":{"line":18,"column":12},"end":{"line":20,"column":13}},{"start":{},"end":{}}],"line":18},"1":{"loc":{"start":{"line":28,"column":8},"end":{"line":35,"column":9}},"type":"if","locations":[{"start":{"line":28,"column":8},"end":{"line":35,"column":9}},{"start":{"line":32,"column":15},"end":{"line":35,"column":9}}],"line":28}},"s":{"0":0,"1":0,"2":0,"3":0,"4":0,"5":0,"6":0,"7":0,"8":0,"9":0,"10":0,"11":0,"12":0,"13":0},"f":{"0":0,"1":0,"2":0,"3":0,"4":0},"b":{"0":[0,0],"1":[0,0]}}
,"D:\\rowingClub\\rowing-club-backup\\rowing_club_app\\src\\screens\\home\\homeCoach.js": {"path":"D:\\rowingClub\\rowing-club-backup\\rowing_club_app\\src\\screens\\home\\homeCoach.js","statementMap":{"0":{"start":{"line":14,"column":40},"end":{"line":14,"column":52}},"1":{"start":{"line":15,"column":44},"end":{"line":15,"column":56}},"2":{"start":{"line":16,"column":44},"end":{"line":16,"column":67}},"3":{"start":{"line":17,"column":52},"end":{"line":17,"column":64}},"4":{"start":{"line":18,"column":44},"end":{"line":18,"column":56}},"5":{"start":{"line":19,"column":38},"end":{"line":19,"column":53}},"6":{"start":{"line":20,"column":48},"end":{"line":20,"column":60}},"7":{"start":{"line":21,"column":48},"end":{"line":21,"column":60}},"8":{"start":{"line":25,"column":46},"end":{"line":25,"column":61}},"9":{"start":{"line":26,"column":66},"end":{"line":26,"column":78}},"10":{"start":{"line":27,"column":72},"end":{"line":27,"column":84}},"11":{"start":{"line":29,"column":22},"end":{"line":29,"column":49}},"12":{"start":{"line":29,"column":28},"end":{"line":29,"column":49}},"13":{"start":{"line":30,"column":23},"end":{"line":30,"column":51}},"14":{"start":{"line":30,"column":29},"end":{"line":30,"column":51}},"15":{"start":{"line":32,"column":25},"end":{"line":32,"column":48}},"16":{"start":{"line":35,"column":27},"end":{"line":37,"column":5}},"17":{"start":{"line":36,"column":8},"end":{"line":36,"column":33}},"18":{"start":{"line":39,"column":28},"end":{"line":49,"column":5}},"19":{"start":{"line":40,"column":8},"end":{"line":48,"column":10}},"20":{"start":{"line":45,"column":49},"end":{"line":45,"column":83}},"21":{"start":{"line":51,"column":20},"end":{"line":51,"column":42}},"22":{"start":{"line":52,"column":17},"end":{"line":52,"column":39}},"23":{"start":{"line":54,"column":27},"end":{"line":58,"column":5}},"24":{"start":{"line":61,"column":8},"end":{"line":66,"column":9}},"25":{"start":{"line":61,"column":21},"end":{"line":61,"column":22}},"26":{"start":{"line":62,"column":12},"end":{"line":65,"column":13}},"27":{"start":{"line":64,"column":16},"end":{"line":64,"column":43}},"28":{"start":{"line":67,"column":8},"end":{"line":67,"column":20}},"29":{"start":{"line":71,"column":8},"end":{"line":75,"column":9}},"30":{"start":{"line":71,"column":21},"end":{"line":71,"column":22}},"31":{"start":{"line":72,"column":12},"end":{"line":74,"column":13}},"32":{"start":{"line":73,"column":16},"end":{"line":73,"column":45}},"33":{"start":{"line":76,"column":8},"end":{"line":76,"column":20}},"34":{"start":{"line":79,"column":4},"end":{"line":84,"column":27}},"35":{"start":{"line":80,"column":21},"end":{"line":80,"column":55}},"36":{"start":{"line":82,"column":8},"end":{"line":82,"column":34}},"37":{"start":{"line":88,"column":4},"end":{"line":90,"column":25}},"38":{"start":{"line":89,"column":8},"end":{"line":89,"column":28}},"39":{"start":{"line":92,"column":30},"end":{"line":134,"column":5}},"40":{"start":{"line":93,"column":28},"end":{"line":93,"column":38}},"41":{"start":{"line":94,"column":28},"end":{"line":94,"column":49}},"42":{"start":{"line":95,"column":8},"end":{"line":95,"column":114}},"43":{"start":{"line":97,"column":37},"end":{"line":102,"column":10}},"44":{"start":{"line":104,"column":8},"end":{"line":133,"column":9}},"45":{"start":{"line":105,"column":22},"end":{"line":105,"column":144}},"46":{"start":{"line":106,"column":34},"end":{"line":106,"column":50}},"47":{"start":{"line":108,"column":37},"end":{"line":108,"column":39}},"48":{"start":{"line":110,"column":12},"end":{"line":128,"column":15}},"49":{"start":{"line":111,"column":29},"end":{"line":111,"column":39}},"50":{"start":{"line":114,"column":38},"end":{"line":114,"column":79}},"51":{"start":{"line":115,"column":33},"end":{"line":115,"column":88}},"52":{"start":{"line":116,"column":35},"end":{"line":116,"column":70}},"53":{"start":{"line":117,"column":33},"end":{"line":117,"column":64}},"54":{"start":{"line":120,"column":16},"end":{"line":127,"column":19}},"55":{"start":{"line":130,"column":12},"end":{"line":130,"column":46}},"56":{"start":{"line":132,"column":12},"end":{"line":132,"column":65}},"57":{"start":{"line":136,"column":34},"end":{"line":175,"column":5}},"58":{"start":{"line":138,"column":29},"end":{"line":138,"column":89}},"59":{"start":{"line":138,"column":59},"end":{"line":138,"column":88}},"60":{"start":{"line":141,"column":8},"end":{"line":174,"column":9}},"61":{"start":{"line":142,"column":12},"end":{"line":170,"column":14}},"62":{"start":{"line":146,"column":43},"end":{"line":146,"column":61}},"63":{"start":{"line":147,"column":24},"end":{"line":147,"column":36}},"64":{"start":{"line":152,"column":43},"end":{"line":152,"column":61}},"65":{"start":{"line":153,"column":24},"end":{"line":153,"column":36}},"66":{"start":{"line":158,"column":43},"end":{"line":158,"column":61}},"67":{"start":{"line":159,"column":24},"end":{"line":159,"column":36}},"68":{"start":{"line":164,"column":43},"end":{"line":164,"column":61}},"69":{"start":{"line":165,"column":24},"end":{"line":165,"column":36}},"70":{"start":{"line":173,"column":12},"end":{"line":173,"column":61}},"71":{"start":{"line":183,"column":4},"end":{"line":199,"column":11}},"72":{"start":{"line":185,"column":8},"end":{"line":198,"column":11}},"73":{"start":{"line":186,"column":38},"end":{"line":186,"column":40}},"74":{"start":{"line":188,"column":12},"end":{"line":194,"column":15}},"75":{"start":{"line":189,"column":33},"end":{"line":189,"column":62}},"76":{"start":{"line":190,"column":16},"end":{"line":193,"column":17}},"77":{"start":{"line":192,"column":20},"end":{"line":192,"column":89}},"78":{"start":{"line":196,"column":12},"end":{"line":196,"column":49}},"79":{"start":{"line":203,"column":4},"end":{"line":224,"column":27}},"80":{"start":{"line":204,"column":8},"end":{"line":204,"column":55}},"81":{"start":{"line":205,"column":8},"end":{"line":223,"column":11}},"82":{"start":{"line":206,"column":33},"end":{"line":206,"column":35}},"83":{"start":{"line":207,"column":12},"end":{"line":222,"column":15}},"84":{"start":{"line":208,"column":39},"end":{"line":208,"column":68}},"85":{"start":{"line":209,"column":29},"end":{"line":209,"column":63}},"86":{"start":{"line":210,"column":16},"end":{"line":220,"column":17}},"87":{"start":{"line":211,"column":20},"end":{"line":211,"column":56}},"88":{"start":{"line":212,"column":20},"end":{"line":212,"column":50}},"89":{"start":{"line":213,"column":20},"end":{"line":213,"column":40}},"90":{"start":{"line":214,"column":20},"end":{"line":214,"column":27}},"91":{"start":{"line":216,"column":21},"end":{"line":220,"column":17}},"92":{"start":{"line":217,"column":20},"end":{"line":217,"column":56}},"93":{"start":{"line":218,"column":20},"end":{"line":218,"column":50}},"94":{"start":{"line":219,"column":20},"end":{"line":219,"column":40}},"95":{"start":{"line":228,"column":4},"end":{"line":235,"column":10}},"96":{"start":{"line":229,"column":8},"end":{"line":229,"column":49}},"97":{"start":{"line":230,"column":8},"end":{"line":234,"column":10}},"98":{"start":{"line":231,"column":35},"end":{"line":231,"column":37}},"99":{"start":{"line":232,"column":12},"end":{"line":232,"column":92}},"100":{"start":{"line":232,"column":39},"end":{"line":232,"column":91}},"101":{"start":{"line":233,"column":12},"end":{"line":233,"column":45}},"102":{"start":{"line":242,"column":31},"end":{"line":266,"column":5}},"103":{"start":{"line":244,"column":9},"end":{"line":253,"column":6}},"104":{"start":{"line":245,"column":9},"end":{"line":251,"column":11}},"105":{"start":{"line":252,"column":9},"end":{"line":252,"column":15}},"106":{"start":{"line":255,"column":8},"end":{"line":262,"column":9}},"107":{"start":{"line":256,"column":27},"end":{"line":259,"column":14}},"108":{"start":{"line":261,"column":12},"end":{"line":261,"column":64}},"109":{"start":{"line":263,"column":8},"end":{"line":263,"column":21}},"110":{"start":{"line":264,"column":8},"end":{"line":264,"column":39}},"111":{"start":{"line":265,"column":8},"end":{"line":265,"column":42}},"112":{"start":{"line":270,"column":31},"end":{"line":278,"column":5}},"113":{"start":{"line":272,"column":8},"end":{"line":277,"column":9}},"114":{"start":{"line":273,"column":12},"end":{"line":273,"column":69}},"115":{"start":{"line":274,"column":12},"end":{"line":274,"column":62}},"116":{"start":{"line":276,"column":12},"end":{"line":276,"column":66}},"117":{"start":{"line":282,"column":31},"end":{"line":294,"column":5}},"118":{"start":{"line":283,"column":8},"end":{"line":293,"column":15}},"119":{"start":{"line":287,"column":53},"end":{"line":287,"column":77}},"120":{"start":{"line":298,"column":36},"end":{"line":319,"column":5}},"121":{"start":{"line":299,"column":8},"end":{"line":318,"column":15}},"122":{"start":{"line":305,"column":42},"end":{"line":305,"column":74}},"123":{"start":{"line":312,"column":42},"end":{"line":312,"column":77}},"124":{"start":{"line":324,"column":29},"end":{"line":374,"column":5}},"125":{"start":{"line":325,"column":8},"end":{"line":373,"column":15}},"126":{"start":{"line":330,"column":38},"end":{"line":330,"column":58}},"127":{"start":{"line":346,"column":38},"end":{"line":346,"column":62}},"128":{"start":{"line":378,"column":24},"end":{"line":378,"column":34}},"129":{"start":{"line":379,"column":24},"end":{"line":379,"column":45}},"130":{"start":{"line":380,"column":4},"end":{"line":380,"column":110}},"131":{"start":{"line":384,"column":21},"end":{"line":384,"column":23}},"132":{"start":{"line":385,"column":4},"end":{"line":390,"column":5}},"133":{"start":{"line":385,"column":17},"end":{"line":385,"column":18}},"134":{"start":{"line":386,"column":20},"end":{"line":386,"column":41}},"135":{"start":{"line":387,"column":8},"end":{"line":387,"column":47}},"136":{"start":{"line":388,"column":24},"end":{"line":388,"column":78}},"137":{"start":{"line":389,"column":8},"end":{"line":389,"column":59}},"138":{"start":{"line":394,"column":23},"end":{"line":429,"column":5}},"139":{"start":{"line":395,"column":8},"end":{"line":428,"column":11}},"140":{"start":{"line":396,"column":31},"end":{"line":396,"column":56}},"141":{"start":{"line":397,"column":12},"end":{"line":397,"column":62}},"142":{"start":{"line":399,"column":35},"end":{"line":402,"column":14}},"143":{"start":{"line":400,"column":30},"end":{"line":400,"column":43}},"144":{"start":{"line":401,"column":16},"end":{"line":401,"column":93}},"145":{"start":{"line":406,"column":12},"end":{"line":427,"column":14}},"146":{"start":{"line":411,"column":54},"end":{"line":411,"column":195}},"147":{"start":{"line":412,"column":28},"end":{"line":421,"column":30}},"148":{"start":{"line":432,"column":17},"end":{"line":436,"column":6}},"149":{"start":{"line":437,"column":4},"end":{"line":437,"column":24}},"150":{"start":{"line":438,"column":4},"end":{"line":438,"column":22}},"151":{"start":{"line":439,"column":4},"end":{"line":439,"column":30}},"152":{"start":{"line":440,"column":4},"end":{"line":440,"column":28}},"153":{"start":{"line":446,"column":4},"end":{"line":506,"column":6}},"154":{"start":{"line":459,"column":20},"end":{"line":501,"column":27}},"155":{"start":{"line":478,"column":64},"end":{"line":478,"column":87}},"156":{"start":{"line":503,"column":47},"end":{"line":503,"column":63}}},"fnMap":{"0":{"name":"HomeScreen","decl":{"start":{"line":11,"column":24},"end":{"line":11,"column":34}},"loc":{"start":{"line":11,"column":51},"end":{"line":507,"column":1}},"line":11},"1":{"name":"(anonymous_1)","decl":{"start":{"line":29,"column":22},"end":{"line":29,"column":23}},"loc":{"start":{"line":29,"column":28},"end":{"line":29,"column":49}},"line":29},"2":{"name":"(anonymous_2)","decl":{"start":{"line":30,"column":23},"end":{"line":30,"column":24}},"loc":{"start":{"line":30,"column":29},"end":{"line":30,"column":51}},"line":30},"3":{"name":"(anonymous_3)","decl":{"start":{"line":35,"column":27},"end":{"line":35,"column":28}},"loc":{"start":{"line":35,"column":33},"end":{"line":37,"column":5}},"line":35},"4":{"name":"(anonymous_4)","decl":{"start":{"line":39,"column":28},"end":{"line":39,"column":29}},"loc":{"start":{"line":39,"column":48},"end":{"line":49,"column":5}},"line":39},"5":{"name":"(anonymous_5)","decl":{"start":{"line":45,"column":43},"end":{"line":45,"column":44}},"loc":{"start":{"line":45,"column":49},"end":{"line":45,"column":83}},"line":45},"6":{"name":"getTypeIDByValue","decl":{"start":{"line":60,"column":13},"end":{"line":60,"column":29}},"loc":{"start":{"line":60,"column":37},"end":{"line":68,"column":5}},"line":60},"7":{"name":"getValueByTypeID","decl":{"start":{"line":70,"column":13},"end":{"line":70,"column":29}},"loc":{"start":{"line":70,"column":38},"end":{"line":77,"column":5}},"line":70},"8":{"name":"(anonymous_8)","decl":{"start":{"line":79,"column":14},"end":{"line":79,"column":15}},"loc":{"start":{"line":79,"column":20},"end":{"line":84,"column":5}},"line":79},"9":{"name":"(anonymous_9)","decl":{"start":{"line":88,"column":14},"end":{"line":88,"column":15}},"loc":{"start":{"line":88,"column":20},"end":{"line":90,"column":5}},"line":88},"10":{"name":"(anonymous_10)","decl":{"start":{"line":92,"column":30},"end":{"line":92,"column":31}},"loc":{"start":{"line":92,"column":42},"end":{"line":134,"column":5}},"line":92},"11":{"name":"(anonymous_11)","decl":{"start":{"line":110,"column":34},"end":{"line":110,"column":35}},"loc":{"start":{"line":110,"column":43},"end":{"line":128,"column":13}},"line":110},"12":{"name":"(anonymous_12)","decl":{"start":{"line":136,"column":34},"end":{"line":136,"column":35}},"loc":{"start":{"line":136,"column":52},"end":{"line":175,"column":5}},"line":136},"13":{"name":"(anonymous_13)","decl":{"start":{"line":138,"column":51},"end":{"line":138,"column":52}},"loc":{"start":{"line":138,"column":59},"end":{"line":138,"column":88}},"line":138},"14":{"name":"(anonymous_14)","decl":{"start":{"line":145,"column":48},"end":{"line":145,"column":49}},"loc":{"start":{"line":145,"column":58},"end":{"line":148,"column":25}},"line":145},"15":{"name":"(anonymous_15)","decl":{"start":{"line":151,"column":45},"end":{"line":151,"column":46}},"loc":{"start":{"line":151,"column":55},"end":{"line":154,"column":25}},"line":151},"16":{"name":"(anonymous_16)","decl":{"start":{"line":157,"column":43},"end":{"line":157,"column":44}},"loc":{"start":{"line":157,"column":53},"end":{"line":160,"column":25}},"line":157},"17":{"name":"(anonymous_17)","decl":{"start":{"line":163,"column":43},"end":{"line":163,"column":44}},"loc":{"start":{"line":163,"column":53},"end":{"line":166,"column":25}},"line":163},"18":{"name":"(anonymous_18)","decl":{"start":{"line":183,"column":14},"end":{"line":183,"column":15}},"loc":{"start":{"line":183,"column":20},"end":{"line":199,"column":5}},"line":183},"19":{"name":"(anonymous_19)","decl":{"start":{"line":185,"column":47},"end":{"line":185,"column":48}},"loc":{"start":{"line":185,"column":61},"end":{"line":198,"column":9}},"line":185},"20":{"name":"(anonymous_20)","decl":{"start":{"line":188,"column":34},"end":{"line":188,"column":35}},"loc":{"start":{"line":188,"column":43},"end":{"line":194,"column":13}},"line":188},"21":{"name":"(anonymous_21)","decl":{"start":{"line":203,"column":14},"end":{"line":203,"column":15}},"loc":{"start":{"line":203,"column":20},"end":{"line":224,"column":5}},"line":203},"22":{"name":"(anonymous_22)","decl":{"start":{"line":205,"column":55},"end":{"line":205,"column":56}},"loc":{"start":{"line":205,"column":69},"end":{"line":223,"column":9}},"line":205},"23":{"name":"(anonymous_23)","decl":{"start":{"line":207,"column":34},"end":{"line":207,"column":35}},"loc":{"start":{"line":207,"column":43},"end":{"line":222,"column":13}},"line":207},"24":{"name":"(anonymous_24)","decl":{"start":{"line":228,"column":14},"end":{"line":228,"column":15}},"loc":{"start":{"line":228,"column":20},"end":{"line":235,"column":5}},"line":228},"25":{"name":"(anonymous_25)","decl":{"start":{"line":230,"column":51},"end":{"line":230,"column":52}},"loc":{"start":{"line":230,"column":65},"end":{"line":234,"column":9}},"line":230},"26":{"name":"(anonymous_26)","decl":{"start":{"line":232,"column":30},"end":{"line":232,"column":31}},"loc":{"start":{"line":232,"column":39},"end":{"line":232,"column":91}},"line":232},"27":{"name":"(anonymous_27)","decl":{"start":{"line":242,"column":31},"end":{"line":242,"column":32}},"loc":{"start":{"line":242,"column":43},"end":{"line":266,"column":5}},"line":242},"28":{"name":"(anonymous_28)","decl":{"start":{"line":270,"column":31},"end":{"line":270,"column":32}},"loc":{"start":{"line":270,"column":57},"end":{"line":278,"column":5}},"line":270},"29":{"name":"(anonymous_29)","decl":{"start":{"line":282,"column":31},"end":{"line":282,"column":32}},"loc":{"start":{"line":283,"column":8},"end":{"line":293,"column":15}},"line":283},"30":{"name":"(anonymous_30)","decl":{"start":{"line":287,"column":47},"end":{"line":287,"column":48}},"loc":{"start":{"line":287,"column":53},"end":{"line":287,"column":77}},"line":287},"31":{"name":"(anonymous_31)","decl":{"start":{"line":298,"column":36},"end":{"line":298,"column":37}},"loc":{"start":{"line":299,"column":8},"end":{"line":318,"column":15}},"line":299},"32":{"name":"(anonymous_32)","decl":{"start":{"line":305,"column":34},"end":{"line":305,"column":35}},"loc":{"start":{"line":305,"column":42},"end":{"line":305,"column":74}},"line":305},"33":{"name":"(anonymous_33)","decl":{"start":{"line":312,"column":34},"end":{"line":312,"column":35}},"loc":{"start":{"line":312,"column":42},"end":{"line":312,"column":77}},"line":312},"34":{"name":"(anonymous_34)","decl":{"start":{"line":324,"column":29},"end":{"line":324,"column":30}},"loc":{"start":{"line":325,"column":8},"end":{"line":373,"column":15}},"line":325},"35":{"name":"(anonymous_35)","decl":{"start":{"line":330,"column":29},"end":{"line":330,"column":30}},"loc":{"start":{"line":330,"column":38},"end":{"line":330,"column":58}},"line":330},"36":{"name":"(anonymous_36)","decl":{"start":{"line":346,"column":29},"end":{"line":346,"column":30}},"loc":{"start":{"line":346,"column":38},"end":{"line":346,"column":62}},"line":346},"37":{"name":"(anonymous_37)","decl":{"start":{"line":394,"column":23},"end":{"line":394,"column":24}},"loc":{"start":{"line":394,"column":55},"end":{"line":429,"column":5}},"line":394},"38":{"name":"(anonymous_38)","decl":{"start":{"line":395,"column":28},"end":{"line":395,"column":29}},"loc":{"start":{"line":395,"column":47},"end":{"line":428,"column":9}},"line":395},"39":{"name":"(anonymous_39)","decl":{"start":{"line":399,"column":51},"end":{"line":399,"column":52}},"loc":{"start":{"line":399,"column":58},"end":{"line":402,"column":13}},"line":399},"40":{"name":"(anonymous_40)","decl":{"start":{"line":410,"column":43},"end":{"line":410,"column":44}},"loc":{"start":{"line":410,"column":70},"end":{"line":422,"column":25}},"line":410},"41":{"name":"(anonymous_41)","decl":{"start":{"line":458,"column":28},"end":{"line":458,"column":29}},"loc":{"start":{"line":459,"column":20},"end":{"line":501,"column":27}},"line":459},"42":{"name":"(anonymous_42)","decl":{"start":{"line":478,"column":42},"end":{"line":478,"column":43}},"loc":{"start":{"line":478,"column":64},"end":{"line":478,"column":87}},"line":478},"43":{"name":"(anonymous_43)","decl":{"start":{"line":503,"column":30},"end":{"line":503,"column":31}},"loc":{"start":{"line":503,"column":47},"end":{"line":503,"column":63}},"line":503}},"branchMap":{"0":{"loc":{"start":{"line":62,"column":12},"end":{"line":65,"column":13}},"type":"if","locations":[{"start":{"line":62,"column":12},"end":{"line":65,"column":13}},{"start":{},"end":{}}],"line":62},"1":{"loc":{"start":{"line":72,"column":12},"end":{"line":74,"column":13}},"type":"if","locations":[{"start":{"line":72,"column":12},"end":{"line":74,"column":13}},{"start":{},"end":{}}],"line":72},"2":{"loc":{"start":{"line":95,"column":76},"end":{"line":95,"column":111}},"type":"cond-expr","locations":[{"start":{"line":95,"column":105},"end":{"line":95,"column":107}},{"start":{"line":95,"column":110},"end":{"line":95,"column":111}}],"line":95},"3":{"loc":{"start":{"line":114,"column":38},"end":{"line":114,"column":79}},"type":"cond-expr","locations":[{"start":{"line":114,"column":55},"end":{"line":114,"column":74}},{"start":{"line":114,"column":77},"end":{"line":114,"column":79}}],"line":114},"4":{"loc":{"start":{"line":115,"column":33},"end":{"line":115,"column":88}},"type":"cond-expr","locations":[{"start":{"line":115,"column":57},"end":{"line":115,"column":83}},{"start":{"line":115,"column":86},"end":{"line":115,"column":88}}],"line":115},"5":{"loc":{"start":{"line":116,"column":35},"end":{"line":116,"column":70}},"type":"cond-expr","locations":[{"start":{"line":116,"column":49},"end":{"line":116,"column":65}},{"start":{"line":116,"column":68},"end":{"line":116,"column":70}}],"line":116},"6":{"loc":{"start":{"line":117,"column":33},"end":{"line":117,"column":64}},"type":"cond-expr","locations":[{"start":{"line":117,"column":45},"end":{"line":117,"column":59}},{"start":{"line":117,"column":62},"end":{"line":117,"column":64}}],"line":117},"7":{"loc":{"start":{"line":141,"column":8},"end":{"line":174,"column":9}},"type":"if","locations":[{"start":{"line":141,"column":8},"end":{"line":174,"column":9}},{"start":{"line":171,"column":15},"end":{"line":174,"column":9}}],"line":141},"8":{"loc":{"start":{"line":190,"column":16},"end":{"line":193,"column":17}},"type":"if","locations":[{"start":{"line":190,"column":16},"end":{"line":193,"column":17}},{"start":{},"end":{}}],"line":190},"9":{"loc":{"start":{"line":210,"column":16},"end":{"line":220,"column":17}},"type":"if","locations":[{"start":{"line":210,"column":16},"end":{"line":220,"column":17}},{"start":{"line":216,"column":21},"end":{"line":220,"column":17}}],"line":210},"10":{"loc":{"start":{"line":216,"column":21},"end":{"line":220,"column":17}},"type":"if","locations":[{"start":{"line":216,"column":21},"end":{"line":220,"column":17}},{"start":{},"end":{}}],"line":216},"11":{"loc":{"start":{"line":244,"column":9},"end":{"line":253,"column":6}},"type":"if","locations":[{"start":{"line":244,"column":9},"end":{"line":253,"column":6}},{"start":{},"end":{}}],"line":244},"12":{"loc":{"start":{"line":244,"column":12},"end":{"line":244,"column":81}},"type":"binary-expr","locations":[{"start":{"line":244,"column":13},"end":{"line":244,"column":42}},{"start":{"line":244,"column":48},"end":{"line":244,"column":80}}],"line":244},"13":{"loc":{"start":{"line":286,"column":17},"end":{"line":290,"column":17}},"type":"binary-expr","locations":[{"start":{"line":286,"column":17},"end":{"line":286,"column":27}},{"start":{"line":287,"column":20},"end":{"line":289,"column":39}}],"line":286},"14":{"loc":{"start":{"line":342,"column":17},"end":{"line":342,"column":96}},"type":"cond-expr","locations":[{"start":{"line":342,"column":49},"end":{"line":342,"column":61}},{"start":{"line":342,"column":64},"end":{"line":342,"column":96}}],"line":342},"15":{"loc":{"start":{"line":360,"column":17},"end":{"line":365,"column":17}},"type":"binary-expr","locations":[{"start":{"line":360,"column":17},"end":{"line":360,"column":47}},{"start":{"line":361,"column":20},"end":{"line":364,"column":27}}],"line":360},"16":{"loc":{"start":{"line":366,"column":17},"end":{"line":371,"column":17}},"type":"binary-expr","locations":[{"start":{"line":366,"column":17},"end":{"line":366,"column":44}},{"start":{"line":367,"column":20},"end":{"line":370,"column":27}}],"line":366},"17":{"loc":{"start":{"line":380,"column":72},"end":{"line":380,"column":107}},"type":"cond-expr","locations":[{"start":{"line":380,"column":101},"end":{"line":380,"column":103}},{"start":{"line":380,"column":106},"end":{"line":380,"column":107}}],"line":380},"18":{"loc":{"start":{"line":409,"column":21},"end":{"line":425,"column":21}},"type":"cond-expr","locations":[{"start":{"line":410,"column":24},"end":{"line":422,"column":26}},{"start":{"line":424,"column":24},"end":{"line":424,"column":53}}],"line":409},"19":{"loc":{"start":{"line":463,"column":29},"end":{"line":472,"column":29}},"type":"binary-expr","locations":[{"start":{"line":463,"column":29},"end":{"line":463,"column":66}},{"start":{"line":464,"column":32},"end":{"line":471,"column":39}}],"line":463},"20":{"loc":{"start":{"line":469,"column":55},"end":{"line":469,"column":87}},"type":"cond-expr","locations":[{"start":{"line":469,"column":68},"end":{"line":469,"column":76}},{"start":{"line":469,"column":79},"end":{"line":469,"column":87}}],"line":469},"21":{"loc":{"start":{"line":476,"column":34},"end":{"line":476,"column":99}},"type":"cond-expr","locations":[{"start":{"line":476,"column":74},"end":{"line":476,"column":86}},{"start":{"line":476,"column":89},"end":{"line":476,"column":99}}],"line":476},"22":{"loc":{"start":{"line":477,"column":40},"end":{"line":477,"column":117}},"type":"cond-expr","locations":[{"start":{"line":477,"column":80},"end":{"line":477,"column":98}},{"start":{"line":477,"column":101},"end":{"line":477,"column":117}}],"line":477},"23":{"loc":{"start":{"line":481,"column":25},"end":{"line":500,"column":25}},"type":"binary-expr","locations":[{"start":{"line":481,"column":25},"end":{"line":481,"column":62}},{"start":{"line":481,"column":66},"end":{"line":481,"column":76}},{"start":{"line":482,"column":28},"end":{"line":499,"column":31}}],"line":481},"24":{"loc":{"start":{"line":488,"column":56},"end":{"line":488,"column":106}},"type":"cond-expr","locations":[{"start":{"line":488,"column":73},"end":{"line":488,"column":84}},{"start":{"line":488,"column":87},"end":{"line":488,"column":106}}],"line":488}},"s":{"0":0,"1":0,"2":0,"3":0,"4":0,"5":0,"6":0,"7":0,"8":0,"9":0,"10":0,"11":0,"12":0,"13":0,"14":0,"15":0,"16":0,"17":0,"18":0,"19":0,"20":0,"21":0,"22":0,"23":0,"24":0,"25":0,"26":0,"27":0,"28":0,"29":0,"30":0,"31":0,"32":0,"33":0,"34":0,"35":0,"36":0,"37":0,"38":0,"39":0,"40":0,"41":0,"42":0,"43":0,"44":0,"45":0,"46":0,"47":0,"48":0,"49":0,"50":0,"51":0,"52":0,"53":0,"54":0,"55":0,"56":0,"57":0,"58":0,"59":0,"60":0,"61":0,"62":0,"63":0,"64":0,"65":0,"66":0,"67":0,"68":0,"69":0,"70":0,"71":0,"72":0,"73":0,"74":0,"75":0,"76":0,"77":0,"78":0,"79":0,"80":0,"81":0,"82":0,"83":0,"84":0,"85":0,"86":0,"87":0,"88":0,"89":0,"90":0,"91":0,"92":0,"93":0,"94":0,"95":0,"96":0,"97":0,"98":0,"99":0,"100":0,"101":0,"102":0,"103":0,"104":0,"105":0,"106":0,"107":0,"108":0,"109":0,"110":0,"111":0,"112":0,"113":0,"114":0,"115":0,"116":0,"117":0,"118":0,"119":0,"120":0,"121":0,"122":0,"123":0,"124":0,"125":0,"126":0,"127":0,"128":0,"129":0,"130":0,"131":0,"132":0,"133":0,"134":0,"135":0,"136":0,"137":0,"138":0,"139":0,"140":0,"141":0,"142":0,"143":0,"144":0,"145":0,"146":0,"147":0,"148":0,"149":0,"150":0,"151":0,"152":0,"153":0,"154":0,"155":0,"156":0},"f":{"0":0,"1":0,"2":0,"3":0,"4":0,"5":0,"6":0,"7":0,"8":0,"9":0,"10":0,"11":0,"12":0,"13":0,"14":0,"15":0,"16":0,"17":0,"18":0,"19":0,"20":0,"21":0,"22":0,"23":0,"24":0,"25":0,"26":0,"27":0,"28":0,"29":0,"30":0,"31":0,"32":0,"33":0,"34":0,"35":0,"36":0,"37":0,"38":0,"39":0,"40":0,"41":0,"42":0,"43":0},"b":{"0":[0,0],"1":[0,0],"2":[0,0],"3":[0,0],"4":[0,0],"5":[0,0],"6":[0,0],"7":[0,0],"8":[0,0],"9":[0,0],"10":[0,0],"11":[0,0],"12":[0,0],"13":[0,0],"14":[0,0],"15":[0,0],"16":[0,0],"17":[0,0],"18":[0,0],"19":[0,0],"20":[0,0],"21":[0,0],"22":[0,0],"23":[0,0,0],"24":[0,0]}}
,"D:\\rowingClub\\rowing-club-backup\\rowing_club_app\\src\\screens\\home\\homeRower.js": {"path":"D:\\rowingClub\\rowing-club-backup\\rowing_club_app\\src\\screens\\home\\homeRower.js","statementMap":{"0":{"start":{"line":11,"column":40},"end":{"line":11,"column":52}},"1":{"start":{"line":12,"column":44},"end":{"line":12,"column":56}},"2":{"start":{"line":13,"column":54},"end":{"line":13,"column":66}},"3":{"start":{"line":14,"column":44},"end":{"line":14,"column":68}},"4":{"start":{"line":15,"column":44},"end":{"line":15,"column":56}},"5":{"start":{"line":17,"column":60},"end":{"line":17,"column":72}},"6":{"start":{"line":19,"column":41},"end":{"line":19,"column":64}},"7":{"start":{"line":21,"column":33},"end":{"line":26,"column":5}},"8":{"start":{"line":28,"column":27},"end":{"line":32,"column":5}},"9":{"start":{"line":35,"column":4},"end":{"line":37,"column":31}},"10":{"start":{"line":36,"column":8},"end":{"line":36,"column":28}},"11":{"start":{"line":39,"column":30},"end":{"line":78,"column":5}},"12":{"start":{"line":40,"column":28},"end":{"line":40,"column":38}},"13":{"start":{"line":41,"column":28},"end":{"line":41,"column":49}},"14":{"start":{"line":42,"column":8},"end":{"line":42,"column":114}},"15":{"start":{"line":44,"column":37},"end":{"line":49,"column":10}},"16":{"start":{"line":51,"column":8},"end":{"line":77,"column":9}},"17":{"start":{"line":52,"column":22},"end":{"line":52,"column":136}},"18":{"start":{"line":54,"column":34},"end":{"line":54,"column":50}},"19":{"start":{"line":56,"column":37},"end":{"line":56,"column":39}},"20":{"start":{"line":58,"column":12},"end":{"line":72,"column":15}},"21":{"start":{"line":59,"column":29},"end":{"line":59,"column":39}},"22":{"start":{"line":60,"column":28},"end":{"line":60,"column":30}},"23":{"start":{"line":62,"column":16},"end":{"line":70,"column":17}},"24":{"start":{"line":63,"column":20},"end":{"line":63,"column":40}},"25":{"start":{"line":64,"column":23},"end":{"line":70,"column":17}},"26":{"start":{"line":65,"column":20},"end":{"line":65,"column":37}},"27":{"start":{"line":66,"column":23},"end":{"line":70,"column":17}},"28":{"start":{"line":67,"column":20},"end":{"line":67,"column":35}},"29":{"start":{"line":68,"column":23},"end":{"line":70,"column":17}},"30":{"start":{"line":69,"column":20},"end":{"line":69,"column":44}},"31":{"start":{"line":71,"column":16},"end":{"line":71,"column":72}},"32":{"start":{"line":74,"column":12},"end":{"line":74,"column":46}},"33":{"start":{"line":76,"column":12},"end":{"line":76,"column":65}},"34":{"start":{"line":80,"column":4},"end":{"line":87,"column":45}},"35":{"start":{"line":82,"column":44},"end":{"line":82,"column":46}},"36":{"start":{"line":83,"column":8},"end":{"line":85,"column":11}},"37":{"start":{"line":84,"column":12},"end":{"line":84,"column":67}},"38":{"start":{"line":86,"column":8},"end":{"line":86,"column":61}},"39":{"start":{"line":91,"column":4},"end":{"line":104,"column":17}},"40":{"start":{"line":92,"column":8},"end":{"line":92,"column":55}},"41":{"start":{"line":93,"column":8},"end":{"line":103,"column":11}},"42":{"start":{"line":94,"column":33},"end":{"line":94,"column":35}},"43":{"start":{"line":95,"column":12},"end":{"line":102,"column":15}},"44":{"start":{"line":96,"column":39},"end":{"line":96,"column":68}},"45":{"start":{"line":97,"column":16},"end":{"line":101,"column":17}},"46":{"start":{"line":98,"column":20},"end":{"line":98,"column":56}},"47":{"start":{"line":99,"column":20},"end":{"line":99,"column":50}},"48":{"start":{"line":100,"column":20},"end":{"line":100,"column":27}},"49":{"start":{"line":108,"column":4},"end":{"line":115,"column":10}},"50":{"start":{"line":109,"column":8},"end":{"line":109,"column":49}},"51":{"start":{"line":110,"column":8},"end":{"line":114,"column":10}},"52":{"start":{"line":111,"column":35},"end":{"line":111,"column":37}},"53":{"start":{"line":112,"column":12},"end":{"line":112,"column":92}},"54":{"start":{"line":112,"column":39},"end":{"line":112,"column":91}},"55":{"start":{"line":113,"column":12},"end":{"line":113,"column":45}},"56":{"start":{"line":119,"column":31},"end":{"line":128,"column":5}},"57":{"start":{"line":120,"column":8},"end":{"line":127,"column":15}},"58":{"start":{"line":131,"column":38},"end":{"line":196,"column":5}},"59":{"start":{"line":133,"column":8},"end":{"line":133,"column":70}},"60":{"start":{"line":134,"column":8},"end":{"line":137,"column":12}},"61":{"start":{"line":134,"column":46},"end":{"line":137,"column":9}},"62":{"start":{"line":139,"column":8},"end":{"line":195,"column":9}},"63":{"start":{"line":141,"column":34},"end":{"line":141,"column":81}},"64":{"start":{"line":143,"column":30},"end":{"line":150,"column":13}},"65":{"start":{"line":152,"column":35},"end":{"line":152,"column":62}},"66":{"start":{"line":153,"column":12},"end":{"line":155,"column":13}},"67":{"start":{"line":154,"column":16},"end":{"line":154,"column":52}},"68":{"start":{"line":158,"column":12},"end":{"line":162,"column":13}},"69":{"start":{"line":160,"column":16},"end":{"line":160,"column":88}},"70":{"start":{"line":161,"column":16},"end":{"line":161,"column":23}},"71":{"start":{"line":165,"column":32},"end":{"line":165,"column":81}},"72":{"start":{"line":169,"column":12},"end":{"line":179,"column":13}},"73":{"start":{"line":170,"column":16},"end":{"line":178,"column":17}},"74":{"start":{"line":171,"column":20},"end":{"line":171,"column":43}},"75":{"start":{"line":172,"column":23},"end":{"line":178,"column":17}},"76":{"start":{"line":173,"column":20},"end":{"line":173,"column":40}},"77":{"start":{"line":174,"column":23},"end":{"line":178,"column":17}},"78":{"start":{"line":175,"column":20},"end":{"line":175,"column":38}},"79":{"start":{"line":176,"column":23},"end":{"line":178,"column":17}},"80":{"start":{"line":177,"column":20},"end":{"line":177,"column":47}},"81":{"start":{"line":182,"column":12},"end":{"line":184,"column":13}},"82":{"start":{"line":183,"column":16},"end":{"line":183,"column":78}},"83":{"start":{"line":186,"column":12},"end":{"line":186,"column":70}},"84":{"start":{"line":187,"column":12},"end":{"line":187,"column":77}},"85":{"start":{"line":190,"column":12},"end":{"line":190,"column":56}},"86":{"start":{"line":191,"column":12},"end":{"line":191,"column":60}},"87":{"start":{"line":194,"column":12},"end":{"line":194,"column":79}},"88":{"start":{"line":201,"column":29},"end":{"line":232,"column":5}},"89":{"start":{"line":202,"column":8},"end":{"line":231,"column":15}},"90":{"start":{"line":205,"column":38},"end":{"line":205,"column":58}},"91":{"start":{"line":236,"column":24},"end":{"line":236,"column":34}},"92":{"start":{"line":237,"column":24},"end":{"line":237,"column":45}},"93":{"start":{"line":238,"column":4},"end":{"line":238,"column":110}},"94":{"start":{"line":241,"column":21},"end":{"line":241,"column":23}},"95":{"start":{"line":242,"column":4},"end":{"line":247,"column":5}},"96":{"start":{"line":242,"column":17},"end":{"line":242,"column":18}},"97":{"start":{"line":243,"column":20},"end":{"line":243,"column":41}},"98":{"start":{"line":244,"column":8},"end":{"line":244,"column":47}},"99":{"start":{"line":245,"column":24},"end":{"line":245,"column":78}},"100":{"start":{"line":246,"column":8},"end":{"line":246,"column":59}},"101":{"start":{"line":251,"column":23},"end":{"line":299,"column":5}},"102":{"start":{"line":252,"column":8},"end":{"line":298,"column":11}},"103":{"start":{"line":254,"column":31},"end":{"line":254,"column":56}},"104":{"start":{"line":256,"column":12},"end":{"line":256,"column":62}},"105":{"start":{"line":259,"column":35},"end":{"line":263,"column":14}},"106":{"start":{"line":260,"column":36},"end":{"line":260,"column":49}},"107":{"start":{"line":262,"column":16},"end":{"line":
[...]
,"D:\\rowingClub\\rowing-club-backup\\rowing_club_app\\src\\screens\\settings\\passChange.js": {"path":"D:\\rowingClub\\rowing-club-backup\\rowing_club_app\\src\\screens\\settings\\passChange.js","statementMap":{"0":{"start":{"line":5,"column":14},"end":{"line":5,"column":21}},"1":{"start":{"line":8,"column":50},"end":{"line":8,"column":62}},"2":{"start":{"line":9,"column":42},"end":{"line":9,"column":54}},"3":{"start":{"line":10,"column":50},"end":{"line":10,"column":62}},"4":{"start":{"line":12,"column":17},"end":{"line":12,"column":26}},"5":{"start":{"line":14,"column":33},"end":{"line":42,"column":5}},"6":{"start":{"line":15,"column":8},"end":{"line":18,"column":9}},"7":{"start":{"line":16,"column":12},"end":{"line":16,"column":53}},"8":{"start":{"line":17,"column":12},"end":{"line":17,"column":19}},"9":{"start":{"line":20,"column":8},"end":{"line":23,"column":9}},"10":{"start":{"line":21,"column":12},"end":{"line":21,"column":74}},"11":{"start":{"line":22,"column":12},"end":{"line":22,"column":19}},"12":{"start":{"line":25,"column":21},"end":{"line":25,"column":37}},"13":{"start":{"line":26,"column":27},"end":{"line":26,"column":84}},"14":{"start":{"line":28,"column":8},"end":{"line":41,"column":11}},"15":{"start":{"line":29,"column":12},"end":{"line":37,"column":15}},"16":{"start":{"line":30,"column":16},"end":{"line":30,"column":73}},"17":{"start":{"line":31,"column":16},"end":{"line":31,"column":39}},"18":{"start":{"line":32,"column":16},"end":{"line":32,"column":35}},"19":{"start":{"line":33,"column":16},"end":{"line":33,"column":39}},"20":{"start":{"line":35,"column":16},"end":{"line":35,"column":66}},"21":{"start":{"line":36,"column":16},"end":{"line":36,"column":72}},"22":{"start":{"line":39,"column":12},"end":{"line":39,"column":62}},"23":{"start":{"line":40,"column":12},"end":{"line":40,"column":67}},"24":{"start":{"line":44,"column":4},"end":{"line":84,"column":6}},"25":{"start":{"line":55,"column":38},"end":{"line":55,"column":62}},"26":{"start":{"line":65,"column":38},"end":{"line":65,"column":58}},"27":{"start":{"line":75,"column":38},"end":{"line":75,"column":62}}},"fnMap":{"0":{"name":"PassChange","decl":{"start":{"line":7,"column":24},"end":{"line":7,"column":34}},"loc":{"start":{"line":7,"column":37},"end":{"line":85,"column":1}},"line":7},"1":{"name":"(anonymous_1)","decl":{"start":{"line":14,"column":33},"end":{"line":14,"column":34}},"loc":{"start":{"line":14,"column":45},"end":{"line":42,"column":5}},"line":14},"2":{"name":"(anonymous_2)","decl":{"start":{"line":28,"column":60},"end":{"line":28,"column":61}},"loc":{"start":{"line":28,"column":66},"end":{"line":38,"column":9}},"line":28},"3":{"name":"(anonymous_3)","decl":{"start":{"line":29,"column":51},"end":{"line":29,"column":52}},"loc":{"start":{"line":29,"column":57},"end":{"line":34,"column":13}},"line":29},"4":{"name":"(anonymous_4)","decl":{"start":{"line":34,"column":21},"end":{"line":34,"column":22}},"loc":{"start":{"line":34,"column":32},"end":{"line":37,"column":13}},"line":34},"5":{"name":"(anonymous_5)","decl":{"start":{"line":38,"column":17},"end":{"line":38,"column":18}},"loc":{"start":{"line":38,"column":28},"end":{"line":41,"column":9}},"line":38},"6":{"name":"(anonymous_6)","decl":{"start":{"line":55,"column":30},"end":{"line":55,"column":31}},"loc":{"start":{"line":55,"column":38},"end":{"line":55,"column":62}},"line":55},"7":{"name":"(anonymous_7)","decl":{"start":{"line":65,"column":30},"end":{"line":65,"column":31}},"loc":{"start":{"line":65,"column":38},"end":{"line":65,"column":58}},"line":65},"8":{"name":"(anonymous_8)","decl":{"start":{"line":75,"column":30},"end":{"line":75,"column":31}},"loc":{"start":{"line":75,"column":38},"end":{"line":75,"column":62}},"line":75}},"branchMap":{"0":{"loc":{"start":{"line":15,"column":8},"end":{"line":18,"column":9}},"type":"if","locations":[{"start":{"line":15,"column":8},"end":{"line":18,"column":9}},{"start":{},"end":{}}],"line":15},"1":{"loc":{"start":{"line":15,"column":12},"end":{"line":15,"column":64}},"type":"binary-expr","locations":[{"start":{"line":15,"column":12},"end":{"line":15,"column":28}},{"start":{"line":15,"column":32},"end":{"line":15,"column":44}},{"start":{"line":15,"column":48},"end":{"line":15,"column":64}}],"line":15},"2":{"loc":{"start":{"line":20,"column":8},"end":{"line":23,"column":9}},"type":"if","locations":[{"start":{"line":20,"column":8},"end":{"line":23,"column":9}},{"start":{},"end":{}}],"line":20}},"s":{"0":0,"1":0,"2":0,"3":0,"4":0,"5":0,"6":0,"7":0,"8":0,"9":0,"10":0,"11":0,"12":0,"13":0,"14":0,"15":0,"16":0,"17":0,"18":0,"19":0,"20":0,"21":0,"22":0,"23":0,"24":0,"25":0,"26":0,"27":0},"f":{"0":0,"1":0,"2":0,"3":0,"4":0,"5":0,"6":0,"7":0,"8":0},"b":{"0":[0,0],"1":[0,0,0],"2":[0,0]}}
,"D:\\rowingClub\\rowing-club-backup\\rowing_club_app\\src\\screens\\settings\\settings.js": {"path":"D:\\rowingClub\\rowing-club-backup\\rowing_club_app\\src\\screens\\settings\\settings.js","statementMap":{"0":{"start":{"line":12,"column":23},"end":{"line":12,"column":35}},"1":{"start":{"line":16,"column":24},"end":{"line":16,"column":47}},"2":{"start":{"line":17,"column":34},"end":{"line":17,"column":44}},"3":{"start":{"line":19,"column":17},"end":{"line":19,"column":26}},"4":{"start":{"line":22,"column":4},"end":{"line":24,"column":5}},"5":{"start":{"line":23,"column":8},"end":{"line":23,"column":50}},"6":{"start":{"line":27,"column":4},"end":{"line":36,"column":18}},"7":{"start":{"line":28,"column":8},"end":{"line":34,"column":9}},"8":{"start":{"line":30,"column":28},"end":{"line":30,"column":60}},"9":{"start":{"line":31,"column":12},"end":{"line":31,"column":32}},"10":{"start":{"line":33,"column":12},"end":{"line":33,"column":29}},"11":{"start":{"line":39,"column":16},"end":{"line":39,"column":36}},"12":{"start":{"line":42,"column":24},"end":{"line":53,"column":13}},"13":{"start":{"line":44,"column":26},"end":{"line":44,"column":55}},"14":{"start":{"line":46,"column":8},"end":{"line":52,"column":9}},"15":{"start":{"line":48,"column":12},"end":{"line":48,"column":39}},"16":{"start":{"line":51,"column":12},"end":{"line":51,"column":67}},"17":{"start":{"line":55,"column":4},"end":{"line":89,"column":6}},"18":{"start":{"line":72,"column":88},"end":{"line":72,"column":121}}},"fnMap":{"0":{"name":"SettingsScreen","decl":{"start":{"line":14,"column":24},"end":{"line":14,"column":38}},"loc":{"start":{"line":14,"column":55},"end":{"line":91,"column":1}},"line":14},"1":{"name":"(anonymous_1)","decl":{"start":{"line":27,"column":14},"end":{"line":27,"column":15}},"loc":{"start":{"line":27,"column":20},"end":{"line":36,"column":5}},"line":27},"2":{"name":"(anonymous_2)","decl":{"start":{"line":42,"column":36},"end":{"line":42,"column":37}},"loc":{"start":{"line":42,"column":48},"end":{"line":53,"column":5}},"line":42},"3":{"name":"(anonymous_3)","decl":{"start":{"line":72,"column":82},"end":{"line":72,"column":83}},"loc":{"start":{"line":72,"column":88},"end":{"line":72,"column":121}},"line":72}},"branchMap":{"0":{"loc":{"start":{"line":22,"column":4},"end":{"line":24,"column":5}},"type":"if","locations":[{"start":{"line":22,"column":4},"end":{"line":24,"column":5}},{"start":{},"end":{}}],"line":22},"1":{"loc":{"start":{"line":28,"column":8},"end":{"line":34,"column":9}},"type":"if","locations":[{"start":{"line":28,"column":8},"end":{"line":34,"column":9}},{"start":{"line":32,"column":15},"end":{"line":34,"column":9}}],"line":28},"2":{"loc":{"start":{"line":46,"column":8},"end":{"line":52,"column":9}},"type":"if","locations":[{"start":{"line":46,"column":8},"end":{"line":52,"column":9}},{"start":{"line":49,"column":15},"end":{"line":52,"column":9}}],"line":46}},"s":{"0":0,"1":0,"2":0,"3":0,"4":0,"5":0,"6":0,"7":0,"8":0,"9":0,"10":0,"11":0,"12":0,"13":0,"14":0,"15":0,"16":0,"17":0,"18":0},"f":{"0":0,"1":0,"2":0,"3":0},"b":{"0":[0,0],"1":[0,0],"2":[0,0]}}
,"D:\\rowingClub\\rowing-club-backup\\rowing_club_app\\src\\screens\\settings\\settingsContainer.js": {"path":"D:\\rowingClub\\rowing-club-backup\\rowing_club_app\\src\\screens\\settings\\settingsContainer.js","statementMap":{"0":{"start":{"line":11,"column":21},"end":{"line":11,"column":31}},"1":{"start":{"line":12,"column":23},"end":{"line":12,"column":35}},"2":{"start":{"line":13,"column":20},"end":{"line":13,"column":29}},"3":{"start":{"line":14,"column":22},"end":{"line":14,"column":33}},"4":{"start":{"line":17,"column":14},"end":{"line":17,"column":42}},"5":{"start":{"line":20,"column":4},"end":{"line":27,"column":6}}},"fnMap":{"0":{"name":"Settingscontainer","decl":{"start":{"line":19,"column":24},"end":{"line":19,"column":41}},"loc":{"start":{"line":19,"column":44},"end":{"line":28,"column":1}},"line":19}},"branchMap":{},"s":{"0":0,"1":0,"2":0,"3":0,"4":0,"5":0},"f":{"0":0},"b":{}}
,"D:\\rowingClub\\rowing-club-backup\\rowing_club_app\\src\\screens\\settings\\settingsUtil.js": {"path":"D:\\rowingClub\\rowing-club-backup\\rowing_club_app\\src\\screens\\settings\\settingsUtil.js","statementMap":{"0":{"start":{"line":8,"column":13},"end":{"line":8,"column":22}},"1":{"start":{"line":11,"column":28},"end":{"line":16,"column":1}},"2":{"start":{"line":12,"column":17},"end":{"line":12,"column":26}},"3":{"start":{"line":13,"column":4},"end":{"line":15,"column":7}},"4":{"start":{"line":14,"column":8},"end":{"line":14,"column":52}},"5":{"start":{"line":19,"column":36},"end":{"line":47,"column":1}},"6":{"start":{"line":20,"column":4},"end":{"line":23,"column":5}},"7":{"start":{"line":21,"column":8},"end":{"line":21,"column":49}},"8":{"start":{"line":22,"column":8},"end":{"line":22,"column":15}},"9":{"start":{"line":25,"column":4},"end":{"line":28,"column":5}},"10":{"start":{"line":26,"column":8},"end":{"line":26,"column":70}},"11":{"start":{"line":27,"column":8},"end":{"line":27,"column":15}},"12":{"start":{"line":30,"column":17},"end":{"line":30,"column":33}},"13":{"start":{"line":31,"column":23},"end":{"line":31,"column":80}},"14":{"start":{"line":33,"column":4},"end":{"line":46,"column":7}},"15":{"start":{"line":34,"column":8},"end":{"line":42,"column":11}},"16":{"start":{"line":35,"column":12},"end":{"line":35,"column":69}},"17":{"start":{"line":36,"column":12},"end":{"line":36,"column":35}},"18":{"start":{"line":37,"column":12},"end":{"line":37,"column":31}},"19":{"start":{"line":38,"column":12},"end":{"line":38,"column":35}},"20":{"start":{"line":40,"column":12},"end":{"line":40,"column":62}},"21":{"start":{"line":41,"column":12},"end":{"line":41,"column":68}},"22":{"start":{"line":44,"column":8},"end":{"line":44,"column":58}},"23":{"start":{"line":45,"column":8},"end":{"line":45,"column":63}},"24":{"start":{"line":49,"column":31},"end":{"line":73,"column":1}},"25":{"start":{"line":50,"column":4},"end":{"line":72,"column":6}},"26":{"start":{"line":55,"column":88},"end":{"line":55,"column":118}},"27":{"start":{"line":64,"column":88},"end":{"line":64,"column":120}}},"fnMap":{"0":{"name":"(anonymous_0)","decl":{"start":{"line":11,"column":28},"end":{"line":11,"column":29}},"loc":{"start":{"line":11,"column":40},"end":{"line":16,"column":1}},"line":11},"1":{"name":"(anonymous_1)","decl":{"start":{"line":13,"column":24},"end":{"line":13,"column":25}},"loc":{"start":{"line":13,"column":35},"end":{"line":15,"column":5}},"line":13},"2":{"name":"(anonymous_2)","decl":{"start":{"line":19,"column":36},"end":{"line":19,"column":37}},"loc":{"start":{"line":19,"column":48},"end":{"line":47,"column":1}},"line":19},"3":{"name":"(anonymous_3)","decl":{"start":{"line":33,"column":56},"end":{"line":33,"column":57}},"loc":{"start":{"line":33,"column":62},"end":{"line":43,"column":5}},"line":33},"4":{"name":"(anonymous_4)","decl":{"start":{"line":34,"column":47},"end":{"line":34,"column":48}},"loc":{"start":{"line":34,"column":53},"end":{"line":39,"column":9}},"line":34},"5":{"name":"(anonymous_5)","decl":{"start":{"line":39,"column":17},"end":{"line":39,"column":18}},"loc":{"start":{"line":39,"column":28},"end":{"line":42,"column":9}},"line":39},"6":{"name":"(anonymous_6)","decl":{"start":{"line":43,"column":13},"end":{"line":43,"column":14}},"loc":{"start":{"line":43,"column":24},"end":{"line":46,"column":5}},"line":43},"7":{"name":"(anonymous_7)","decl":{"start":{"line":49,"column":31},"end":{"line":49,"column":32}},"loc":{"start":{"line":49,"column":47},"end":{"line":73,"column":1}},"line":49},"8":{"name":"(anonymous_8)","decl":{"start":{"line":55,"column":82},"end":{"line":55,"column":83}},"loc":{"start":{"line":55,"column":88},"end":{"line":55,"column":118}},"line":55},"9":{"name":"(anonymous_9)","decl":{"start":{"line":64,"column":82},"end":{"line":64,"column":83}},"loc":{"start":{"line":64,"column":88},"end":{"line":64,"column":120}},"line":64}},"branchMap":{"0":{"loc":{"start":{"line":20,"column":4},"end":{"line":23,"column":5}},"type":"if","locations":[{"start":{"line":20,"column":4},"end":{"line":23,"column":5}},{"start":{},"end":{}}],"line":20},"1":{"loc":{"start":{"line":20,"column":8},"end":{"line":20,"column":60}},"type":"binary-expr","locations":[{"start":{"line":20,"column":8},"end":{"line":20,"column":24}},{"start":{"line":20,"column":28},"end":{"line":20,"column":40}},{"start":{"line":20,"column":44},"end":{"line":20,"column":60}}],"line":20},"2":{"loc":{"start":{"line":25,"column":4},"end":{"line":28,"column":5}},"type":"if","locations":[{"start":{"line":25,"column":4},"end":{"line":28,"column":5}},{"start":{},"end":{}}],"line":25}},"s":{"0":0,"1":0,"2":0,"3":0,"4":0,"5":0,"6":0,"7":0,"8":0,"9":0,"10":0,"11":0,"12":0,"13":0,"14":0,"15":0,"16":0,"17":0,"18":0,"19":0,"20":0,"21":0,"22":0,"23":0,"24":0,"25":0,"26":0,"27":0},"f":{"0":0,"1":0,"2":0,"3":0,"4":0,"5":0,"6":0,"7":0,"8":0,"9":0},"b":{"0":[0,0],"1":[0,0,0],"2":[0,0]}}
,"D:\\rowingClub\\rowing-club-backup\\rowing_club_app\\src\\screens\\settings\\showUsers.js": {"path":"D:\\rowingClub\\rowing-club-backup\\rowing_club_app\\src\\screens\\settings\\showUsers.js","statementMap":{"0":{"start":{"line":10,"column":38},"end":{"line":10,"column":50}},"1":{"start":{"line":11,"column":30},"end":{"line":11,"column":42}},"2":{"start":{"line":12,"column":36},"end":{"line":12,"column":48}},"3":{"start":{"line":15,"column":4},"end":{"line":30,"column":11}},"4":{"start":{"line":16,"column":34},"end":{"line":16,"column":36}},"5":{"start":{"line":18,"column":30},"end":{"line":26,"column":10}},"6":{"start":{"line":20,"column":12},"end":{"line":23,"column":15}},"7":{"start":{"line":22,"column":16},"end":{"line":22,"column":79}},"8":{"start":{"line":25,"column":12},"end":{"line":25,"column":46}},"9":{"start":{"line":29,"column":8},"end":{"line":29,"column":37}},"10":{"start":{"line":29,"column":21},"end":{"line":29,"column":36}},"11":{"start":{"line":33,"column":4},"end":{"line":59,"column":11}},"12":{"start":{"line":34,"column":8},"end":{"line":58,"column":9}},"13":{"start":{"line":35,"column":28},"end":{"line":35,"column":30}},"14":{"start":{"line":36,"column":34},"end":{"line":52,"column":14}},"15":{"start":{"line":37,"column":16},"end":{"line":49,"column":19}},"16":{"start":{"line":39,"column":35},"end":{"line":39,"column":41}},"17":{"start":{"line":41,"column":39},"end":{"line":41,"column":56}},"18":{"start":{"line":43,"column":38},"end":{"line":43,"column":83}},"19":{"start":{"line":45,"column":36},"end":{"line":45,"column":54}},"20":{"start":{"line":48,"column":20},"end":{"line":48,"column":99}},"21":{"start":{"line":51,"column":16},"end":{"line":51,"column":36}},"22":{"start":{"line":55,"column":12},"end":{"line":55,"column":41}},"23":{"start":{"line":55,"column":25},"end":{"line":55,"column":40}},"24":{"start":{"line":57,"column":12},"end":{"line":57,"column":56}},"25":{"start":{"line":64,"column":8},"end":{"line":66,"column":9}},"26":{"start":{"line":65,"column":12},"end":{"line":65,"column":34}},"27":{"start":{"line":68,"column":8},"end":{"line":68,"column":20}},"28":{"start":{"line":72,"column":4},"end":{"line":80,"column":27}},"29":{"start":{"line":73,"column":22},"end":{"line":73,"column":24}},"30":{"start":{"line":74,"column":8},"end":{"line":78,"column":9}},"31":{"start":{"line":75,"column":25},"end":{"line":75,"column":73}},"32":{"start":{"line":75,"column":48},"end":{"line":75,"column":72}},"33":{"start":{"line":76,"column":12},"end":{"line":76,"column":41}},"34":{"start":{"line":77,"column":12},"end":{"line":77,"column":88}},"35":{"start":{"line":79,"column":8},"end":{"line":79,"column":27}},"36":{"start":{"line":83,"column":23},"end":{"line":102,"column":5}},"37":{"start":{"line":85,"column":8},"end":{"line":101,"column":15}},"38":{"start":{"line":104,"column":4},"end":{"line":109,"column":6}},"39":{"start":{"line":107,"column":86},"end":{"line":107,"column":94}}},"fnMap":{"0":{"name":"ShowUsers","decl":{"start":{"line":8,"column":24},"end":{"line":8,"column":33}},"loc":{"start":{"line":8,"column":36},"end":{"line":110,"column":1}},"line":8},"1":{"name":"(anonymous_1)","decl":{"start":{"line":15,"column":14},"end":{"line":15,"column":15}},"loc":{"start":{"line":15,"column":20},"end":{"line":30,"column":5}},"line":15},"2":{"name":"(anonymous_2)","decl":{"start":{"line":18,"column":69},"end":{"line":18,"column":70}},"loc":{"start":{"line":18,"column":83},"end":{"line":26,"column":9}},"line":18},"3":{"name":"(anonymous_3)","decl":{"start":{"line":20,"column":34},"end":{"line":20,"column":35}},"loc":{"start":{"line":20,"column":43},"end":{"line":23,"column":13}},"line":20},"4":{"name":"(anonymous_4)","decl":{"start":{"line":29,"column":15},"end":{"line":29,"column":16}},"loc":{"start":{"line":29,"column":21},"end":{"line":29,"column":36}},"line":29},"5":{"name":"(anonymous_5)","decl":{"start":{"line":33,"column":14},"end":{"line":33,"column":15}},"loc":{"start":{"line":33,"column":20},"end":{"line":59,"column":5}},"line":33},"6":{"name":"(anonymous_6)","decl":{"start":{"line":36,"column":69},"end":{"line":36,"column":70}},"loc":{"start":{"line":36,"column":83},"end":{"line":52,"column":13}},"line":36},"7":{"name":"(anonymous_7)","decl":{"start":{"line":37,"column":38},"end":{"line":37,"column":39}},"loc":{"start":{"line":37,"column":47},"end":{"line":49,"column":17}},"line":37},"8":{"name":"(anonymous_8)","decl":{"start":{"line":55,"column":19},"end":{"line":55,"column":20}},"loc":{"start":{"line":55,"column":25},"end":{"line":55,"column":40}},"line":55},"9":{"name":"getUserType","decl":{"start":{"line":62,"column":13},"end":{"line":62,"column":24}},"loc":{"start":{"line":62,"column":35},"end":{"line":69,"column":5}},"line":62},"10":{"name":"(anonymous_10)","decl":{"start":{"line":72,"column":14},"end":{"line":72,"column":15}},"loc":{"start":{"line":72,"column":20},"end":{"line":80,"column":5}},"line":72},"11":{"name":"(anonymous_11)","decl":{"start":{"line":75,"column":40},"end":{"line":75,"column":41}},"loc":{"start":{"line":75,"column":48},"end":{"line":75,"column":72}},"line":75},"12":{"name":"(anonymous_12)","decl":{"start":{"line":83,"column":23},"end":{"line":83,"column":24}},"loc":{"start":{"line":85,"column":8},"end":{"line":101,"column":15}},"line":85},"13":{"name":"(anonymous_13)","decl":{"start":{"line":107,"column":76},"end":{"line":107,"column":77}},"loc":{"start":{"line":107,"column":86},"end":{"line":107,"column":94}},"line":107}},"branchMap":{"0":{"loc":{"start":{"line":64,"column":8},"end":{"line":66,"column":9}},"type":"if","locations":[{"start":{"line":64,"column":8},"end":{"line":66,"column":9}},{"start":{},"end":{}}],"line":64}},"s":{"0":0,"1":0,"2":0,"3":0,"4":0,"5":0,"6":0,"7":0,"8":0,"9":0,"10":0,"11":0,"12":0,"13":0,"14":0,"15":0,"16":0,"17":0,"18":0,"19":0,"20":0,"21":0,"22":0,"23":0,"24":0,"25":0,"26":0,"27":0,"28":0,"29":0,"30":0,"31":0,"32":0,"33":0,"34":0,"35":0,"36":0,"37":0,"38":0,"39":0},"f":{"0":0,"1":0,"2":0,"3":0,"4":0,"5":0,"6":0,"7":0,"8":0,"9":0,"10":0,"11":0,"12":0,"13":0},"b":{"0":[0,0]}}
}
