TN:
SF:src\screensContainer.js
FN:17,ScreensContainer
FN:21,(anonymous_1)
FN:22,(anonymous_2)
FNF:3
FNH:0
FNDA:0,ScreensContainer
FNDA:0,(anonymous_1)
FNDA:0,(anonymous_2)
DA:10,0
DA:11,0
DA:12,0
DA:13,0
DA:15,0
DA:18,0
DA:21,0
DA:24,0
DA:26,0
DA:27,0
DA:28,0
DA:29,0
DA:30,0
DA:31,0
DA:32,0
DA:33,0
DA:36,0
LF:17
LH:0
BRDA:26,0,0,0
BRDA:26,0,1,0
BRDA:27,1,0,0
BRDA:27,1,1,0
BRDA:28,2,0,0
BRDA:28,2,1,0
BRDA:29,3,0,0
BRDA:29,3,1,0
BRDA:30,4,0,0
BRDA:30,4,1,0
BRDA:31,5,0,0
BRDA:31,5,1,0
BRDA:32,6,0,0
BRDA:32,6,1,0
BRDA:33,7,0,0
BRDA:33,7,1,0
BRF:16
BRH:0
end_of_record
TN:
SF:src\style.js
FNF:0
FNH:0
DA:3,1
LF:1
LH:1
BRF:0
BRH:0
end_of_record
TN:
SF:src\contexts\authContext.js
FN:10,(anonymous_0)
FN:13,(anonymous_1)
FN:16,(anonymous_2)
FN:20,(anonymous_3)
FN:28,(anonymous_4)
FN:29,(anonymous_5)
FNF:6
FNH:0
FNDA:0,(anonymous_0)
FNDA:0,(anonymous_1)
FNDA:0,(anonymous_2)
FNDA:0,(anonymous_3)
FNDA:0,(anonymous_4)
FNDA:0,(anonymous_5)
DA:7,2
DA:20,2
DA:22,0
DA:23,0
DA:24,0
DA:25,0
DA:26,0
DA:28,0
DA:29,0
DA:30,0
DA:32,0
DA:34,0
DA:35,0
DA:36,0
DA:38,0
DA:40,0
DA:41,0
DA:44,0
DA:45,0
DA:47,0
DA:50,0
DA:53,0
DA:56,0
DA:59,0
DA:60,0
DA:64,0
DA:68,0
LF:27
LH:2
BRDA:30,0,0,0
BRDA:30,0,1,0
BRDA:38,1,0,0
BRDA:38,1,1,0
BRDA:44,2,0,0
BRDA:44,2,1,0
BRF:6
BRH:0
end_of_record
TN:
SF:src\screens\auth\login.js
FN:7,Login
FN:14,(anonymous_1)
FN:16,(anonymous_2)
FN:22,(anonymous_3)
FNF:4
FNH:0
FNDA:0,Login
FNDA:0,(anonymous_1)
FNDA:0,(anonymous_2)
FNDA:0,(anonymous_3)
DA:8,0
DA:9,0
DA:10,0
DA:11,0
DA:14,0
DA:15,0
DA:18,0
DA:19,0
DA:20,0
DA:24,0
DA:25,0
DA:26,0
DA:30,0
LF:13
LH:0
BRF:0
BRH:0
end_of_record
TN:
SF:src\screens\events\eventRender.js
FN:10,renderTitle
FN:17,(anonymous_1)
FN:25,renderDate
FN:33,renderGroup
FN:35,getTypeName
FN:37,(anonymous_5)
FN:53,renderDesc
FN:64,editButton
FN:68,(anonymous_8)
FN:77,plusButton
FN:81,(anonymous_10)
FN:89,(anonymous_11)
FN:96,deleteButton
FN:100,(anonymous_13)
FN:108,(anonymous_14)
FN:116,(anonymous_15)
FN:128,(anonymous_16)
FNF:17
FNH:0
FNDA:0,renderTitle
FNDA:0,(anonymous_1)
FNDA:0,renderDate
FNDA:0,renderGroup
FNDA:0,getTypeName
FNDA:0,(anonymous_5)
FNDA:0,renderDesc
FNDA:0,editButton
FNDA:0,(anonymous_8)
FNDA:0,plusButton
FNDA:0,(anonymous_10)
FNDA:0,(anonymous_11)
FNDA:0,deleteButton
FNDA:0,(anonymous_13)
FNDA:0,(anonymous_14)
FNDA:0,(anonymous_15)
FNDA:0,(anonymous_16)
DA:11,0
DA:17,0
DA:26,0
DA:37,0
DA:38,0
DA:40,0
DA:43,0
DA:45,0
DA:54,0
DA:65,0
DA:69,0
DA:78,0
DA:79,0
DA:81,0
DA:87,0
DA:89,0
DA:97,0
DA:98,0
DA:100,0
DA:106,0
DA:108,0
DA:116,0
DA:117,0
DA:122,0
DA:128,0
DA:129,0
DA:134,0
LF:27
LH:0
BRDA:16,0,0,0
BRDA:16,0,1,0
BRDA:38,1,0,0
BRDA:38,1,1,0
BRDA:69,2,0,0
BRDA:69,2,1,0
BRDA:72,3,0,0
BRDA:72,3,1,0
BRDA:78,4,0,0
BRDA:78,4,1,0
BRDA:97,5,0,0
BRDA:97,5,1,0
BRF:12
BRH:0
end_of_record
TN:
SF:src\screens\events\events.js
FN:7,EventsScreen
FN:13,(anonymous_1)
FNF:2
FNH:0
FNDA:0,EventsScreen
FNDA:0,(anonymous_1)
DA:9,0
DA:10,0
DA:13,0
DA:14,0
DA:16,0
DA:19,0
DA:23,0
LF:7
LH:0
BRDA:14,0,0,0
BRDA:14,0,1,0
BRF:2
BRH:0
end_of_record
TN:
SF:src\screens\events\eventsCoach.js
FN:12,EventsCoach
FN:19,(anonymous_1)
FN:21,(anonymous_2)
FN:35,(anonymous_3)
FN:38,(anonymous_4)
FN:40,(anonymous_5)
FN:52,(anonymous_6)
FN:55,(anonymous_7)
FN:60,(anonymous_8)
FN:70,(anonymous_9)
FN:74,(anonymous_10)
FN:79,(anonymous_11)
FN:87,(anonymous_12)
FN:104,(anonymous_13)
FN:116,(anonymous_14)
FN:121,(anonymous_15)
FN:127,(anonymous_16)
FN:163,(anonymous_17)
FN:171,(anonymous_18)
FN:185,(anonymous_19)
FNF:20
FNH:0
FNDA:0,EventsCoach
FNDA:0,(anonymous_1)
FNDA:0,(anonymous_2)
FNDA:0,(anonymous_3)
FNDA:0,(anonymous_4)
FNDA:0,(anonymous_5)
FNDA:0,(anonymous_6)
FNDA:0,(anonymous_7)
FNDA:0,(anonymous_8)
FNDA:0,(anonymous_9)
FNDA:0,(anonymous_10)
FNDA:0,(anonymous_11)
FNDA:0,(anonymous_12)
FNDA:0,(anonymous_13)
FNDA:0,(anonymous_14)
FNDA:0,(anonymous_15)
FNDA:0,(anonymous_16)
FNDA:0,(anonymous_17)
FNDA:0,(anonymous_18)
FNDA:0,(anonymous_19)
DA:14,0
DA:15,0
DA:16,0
DA:18,0
DA:19,0
DA:20,0
DA:21,0
DA:24,0
DA:25,0
DA:26,0
DA:28,0
DA:29,0
DA:30,0
DA:31,0
DA:32,0
DA:35,0
DA:36,0
DA:38,0
DA:40,0
DA:41,0
DA:42,0
DA:44,0
DA:48,0
DA:52,0
DA:55,0
DA:56,0
DA:60,0
DA:62,0
DA:70,0
DA:71,0
DA:72,0
DA:74,0
DA:75,0
DA:76,0
DA:79,0
DA:80,0
DA:87,0
DA:104,0
DA:116,0
DA:121,0
DA:127,0
DA:129,0
DA:130,0
DA:133,0
DA:134,0
DA:137,0
DA:138,0
DA:139,0
DA:146,0
DA:148,0
DA:149,0
DA:150,0
DA:151,0
DA:152,0
DA:153,0
DA:157,0
DA:163,0
DA:171,0
DA:185,0
LF:59
LH:0
BRDA:42,0,0,0
BRDA:42,0,1,0
BRDA:129,1,0,0
BRDA:129,1,1,0
BRDA:133,2,0,0
BRDA:133,2,1,0
BRF:6
BRH:0
end_of_record
TN:
SF:src\screens\events\eventsRower.js
FN:10,EventsRower
FN:16,(anonymous_1)
FN:19,(anonymous_2)
FN:29,(anonymous_3)
FN:30,(anonymous_4)
FN:42,(anonymous_5)
FN:49,(anonymous_6)
FN:68,(anonymous_7)
FNF:8
FNH:0
FNDA:0,EventsRower
FNDA:0,(anonymous_1)
FNDA:0,(anonymous_2)
FNDA:0,(anonymous_3)
FNDA:0,(anonymous_4)
FNDA:0,(anonymous_5)
FNDA:0,(anonymous_6)
FNDA:0,(anonymous_7)
DA:12,0
DA:13,0
DA:14,0
DA:16,0
DA:18,0
DA:19,0
DA:21,0
DA:25,0
DA:26,0
DA:29,0
DA:30,0
DA:31,0
DA:32,0
DA:34,0
DA:36,0
DA:42,0
DA:43,0
DA:44,0
DA:49,0
DA:50,0
DA:65,0
DA:68,0
LF:22
LH:0
BRDA:32,0,0,0
BRDA:32,0,1,0
BRF:2
BRH:0
end_of_record
TN:
SF:src\screens\events\eventsUtil.js
FN:6,(anonymous_0)
FN:19,(anonymous_1)
FN:24,(anonymous_2)
FN:31,(anonymous_3)
FN:37,(anonymous_4)
FN:43,(anonymous_5)
FN:54,checkEmpty
FN:68,checkDateFormat
FN:84,timestampToString
FN:106,checkStringDate
FN:113,(anonymous_10)
FN:137,(anonymous_11)
FN:139,(anonymous_12)
FNF:13
FNH:0
FNDA:0,(anonymous_0)
FNDA:0,(anonymous_1)
FNDA:0,(anonymous_2)
FNDA:0,(anonymous_3)
FNDA:0,(anonymous_4)
FNDA:0,(anonymous_5)
FNDA:0,checkEmpty
FNDA:0,checkDateFormat
FNDA:0,timestampToString
FNDA:0,checkStringDate
FNDA:0,(anonymous_10)
FNDA:0,(anonymous_11)
FNDA:0,(anonymous_12)
DA:6,0
DA:8,0
DA:10,0
DA:11,0
DA:13,0
DA:15,0
DA:17,0
DA:18,0
DA:19,0
DA:20,0
DA:24,0
DA:26,0
DA:31,0
DA:32,0
DA:37,0
DA:43,0
DA:44,0
DA:45,0
DA:46,0
DA:48,0
DA:55,0
DA:56,0
DA:63,0
DA:65,0
DA:69,0
DA:70,0
DA:77,0
DA:79,0
DA:86,0
DA:88,0
DA:95,0
DA:101,0
DA:103,0
DA:108,0
DA:109,0
DA:110,0
DA:113,0
DA:114,0
DA:115,0
DA:117,0
DA:118,0
DA:121,0
DA:122,0
DA:123,0
DA:126,0
DA:127,0
DA:130,0
DA:131,0
DA:134,0
DA:137,0
DA:139,0
DA:142,0
DA:144,0
DA:147,0
DA:149,0
DA:151,0
LF:56
LH:0
BRDA:8,0,0,0
BRDA:8,0,1,0
BRDA:55,1,0,0
BRDA:55,1,1,0
BRDA:55,2,0,0
BRDA:55,2,1,0
BRDA:55,2,2,0
BRDA:55,2,3,0
BRDA:69,3,0,0
BRDA:69,3,1,0
BRDA:109,4,0,0
BRDA:109,4,1,0
BRDA:117,5,0,0
BRDA:117,5,1,0
BRDA:117,6,0,0
BRDA:117,6,1,0
BRDA:117,6,2,0
BRDA:117,6,3,0
BRDA:122,7,0,0
BRDA:122,7,1,0
BRDA:122,8,0,0
BRDA:122,8,1,0
BRDA:126,9,0,0
BRDA:126,9,1,0
BRDA:126,10,0,0
BRDA:126,10,1,0
BRDA:130,11,0,0
BRDA:130,11,1,0
BRDA:130,12,0,0
BRDA:130,12,1,0
BRF:30
BRH:0
end_of_record
TN:
SF:src\screens\home\home.js
FN:8,HomeScreen
FN:16,(anonymous_1)
FN:17,(anonymous_2)
FN:23,(anonymous_3)
FN:27,(anonymous_4)
FNF:5
FNH:0
FNDA:0,HomeScreen
FNDA:0,(anonymous_1)
FNDA:0,(anonymous_2)
FNDA:0,(anonymous_3)
FNDA:0,(anonymous_4)
DA:10,0
DA:11,0
DA:13,0
DA:16,0
DA:17,0
DA:18,0
DA:19,0
DA:23,0
DA:27,0
DA:28,0
DA:30,0
DA:34,0
DA:39,0
LF:13
LH:0
BRDA:18,0,0,0
BRDA:18,0,1,0
BRDA:28,1,0,0
BRDA:28,1,1,0
BRF:4
BRH:0
end_of_record
TN:
SF:src\screens\home\homeCoach.js
FN:11,HomeScreen
FN:29,(anonymous_1)
FN:30,(anonymous_2)
FN:35,(anonymous_3)
FN:39,(anonymous_4)
FN:45,(anonymous_5)
FN:60,getTypeIDByValue
FN:70,getValueByTypeID
FN:79,(anonymous_8)
FN:88,(anonymous_9)
FN:92,(anonymous_10)
FN:110,(anonymous_11)
FN:136,(anonymous_12)
FN:138,(anonymous_13)
FN:145,(anonymous_14)
FN:151,(anonymous_15)
FN:157,(anonymous_16)
FN:163,(anonymous_17)
FN:183,(anonymous_18)
FN:185,(anonymous_19)
FN:188,(anonymous_20)
FN:203,(anonymous_21)
FN:205,(anonymous_22)
FN:207,(anonymous_23)
FN:228,(anonymous_24)
FN:230,(anonymous_25)
FN:232,(anonymous_26)
FN:242,(anonymous_27)
FN:270,(anonymous_28)
FN:282,(anonymous_29)
FN:287,(anonymous_30)
FN:298,(anonymous_31)
FN:305,(anonymous_32)
FN:312,(anonymous_33)
FN:324,(anonymous_34)
FN:330,(anonymous_35)
FN:346,(anonymous_36)
FN:394,(anonymous_37)
FN:395,(anonymous_38)
FN:399,(anonymous_39)
FN:410,(anonymous_40)
FN:458,(anonymous_41)
FN:478,(anonymous_42)
FN:503,(anonymous_43)
FNF:44
FNH:0
FNDA:0,HomeScreen
FNDA:0,(anonymous_1)
FNDA:0,(anonymous_2)
FNDA:0,(anonymous_3)
FNDA:0,(anonymous_4)
FNDA:0,(anonymous_5)
FNDA:0,getTypeIDByValue
FNDA:0,getValueByTypeID
FNDA:0,(anonymous_8)
FNDA:0,(anonymous_9)
FNDA:0,(anonymous_10)
FNDA:0,(anonymous_11)
FNDA:0,(anonymous_12)
FNDA:0,(anonymous_13)
FNDA:0,(anonymous_14)
FNDA:0,(anonymous_15)
FNDA:0,(anonymous_16)
FNDA:0,(anonymous_17)
FNDA:0,(anonymous_18)
FNDA:0,(anonymous_19)
FNDA:0,(anonymous_20)
FNDA:0,(anonymous_21)
FNDA:0,(anonymous_22)
FNDA:0,(anonymous_23)
FNDA:0,(anonymous_24)
FNDA:0,(anonymous_25)
FNDA:0,(anonymous_26)
FNDA:0,(anonymous_27)
FNDA:0,(anonymous_28)
FNDA:0,(anonymous_29)
FNDA:0,(anonymous_30)
FNDA:0,(anonymous_31)
FNDA:0,(anonymous_32)
FNDA:0,(anonymous_33)
FNDA:0,(anonymous_34)
FNDA:0,(anonymous_35)
FNDA:0,(anonymous_36)
FNDA:0,(anonymous_37)
FNDA:0,(anonymous_38)
FNDA:0,(anonymous_39)
FNDA:0,(anonymous_40)
FNDA:0,(anonymous_41)
FNDA:0,(anonymous_42)
FNDA:0,(anonymous_43)
DA:14,0
DA:15,0
DA:16,0
DA:17,0
DA:18,0
DA:19,0
DA:20,0
DA:21,0
DA:25,0
DA:26,0
DA:27,0
DA:29,0
DA:30,0
DA:32,0
DA:35,0
DA:36,0
DA:39,0
DA:40,0
DA:45,0
DA:51,0
DA:52,0
DA:54,0
DA:61,0
DA:62,0
DA:64,0
DA:67,0
DA:71,0
DA:72,0
DA:73,0
DA:76,0
DA:79,0
DA:80,0
DA:82,0
DA:88,0
DA:89,0
DA:92,0
DA:93,0
DA:94,0
DA:95,0
DA:97,0
DA:104,0
DA:105,0
DA:106,0
DA:108,0
DA:110,0
DA:111,0
DA:114,0
DA:115,0
DA:116,0
DA:117,0
DA:120,0
DA:130,0
DA:132,0
DA:136,0
DA:138,0
DA:141,0
DA:142,0
DA:146,0
DA:147,0
DA:152,0
DA:153,0
DA:158,0
DA:159,0
DA:164,0
DA:165,0
DA:173,0
DA:183,0
DA:185,0
DA:186,0
DA:188,0
DA:189,0
DA:190,0
DA:192,0
DA:196,0
DA:203,0
DA:204,0
DA:205,0
DA:206,0
DA:207,0
DA:208,0
DA:209,0
DA:210,0
DA:211,0
DA:212,0
DA:213,0
DA:214,0
DA:216,0
DA:217,0
DA:218,0
DA:219,0
DA:228,0
DA:229,0
DA:230,0
DA:231,0
DA:232,0
DA:233,0
DA:242,0
DA:244,0
DA:245,0
DA:252,0
DA:255,0
DA:256,0
DA:261,0
DA:263,0
DA:264,0
DA:265,0
DA:270,0
DA:272,0
DA:273,0
DA:274,0
DA:276,0
DA:282,0
DA:283,0
DA:287,0
DA:298,0
DA:299,0
DA:305,0
DA:312,0
DA:324,0
DA:325,0
DA:330,0
DA:346,0
DA:378,0
DA:379,0
DA:380,0
DA:384,0
DA:385,0
DA:386,0
DA:387,0
DA:388,0
DA:389,0
DA:394,0
DA:395,0
DA:396,0
DA:397,0
DA:399,0
DA:400,0
DA:401,0
DA:406,0
DA:411,0
DA:412,0
DA:432,0
DA:437,0
DA:438,0
DA:439,0
DA:440,0
DA:446,0
DA:459,0
DA:478,0
DA:503,0
LF:150
LH:0
BRDA:62,0,0,0
BRDA:62,0,1,0
BRDA:72,1,0,0
BRDA:72,1,1,0
BRDA:95,2,0,0
BRDA:95,2,1,0
BRDA:114,3,0,0
BRDA:114,3,1,0
BRDA:115,4,0,0
BRDA:115,4,1,0
BRDA:116,5,0,0
BRDA:116,5,1,0
BRDA:117,6,0,0
BRDA:117,6,1,0
BRDA:141,7,0,0
BRDA:141,7,1,0
BRDA:190,8,0,0
BRDA:190,8,1,0
BRDA:210,9,0,0
BRDA:210,9,1,0
BRDA:216,10,0,0
BRDA:216,10,1,0
BRDA:244,11,0,0
BRDA:244,11,1,0
BRDA:244,12,0,0
BRDA:244,12,1,0
BRDA:286,13,0,0
BRDA:286,13,1,0
BRDA:342,14,0,0
BRDA:342,14,1,0
BRDA:360,15,0,0
BRDA:360,15,1,0
BRDA:366,16,0,0
BRDA:366,16,1,0
BRDA:380,17,0,0
BRDA:380,17,1,0
BRDA:409,18,0,0
BRDA:409,18,1,0
BRDA:463,19,0,0
BRDA:463,19,1,0
BRDA:469,20,0,0
BRDA:469,20,1,0
BRDA:476,21,0,0
BRDA:476,21,1,0
BRDA:477,22,0,0
BRDA:477,22,1,0
BRDA:481,23,0,0
BRDA:481,23,1,0
BRDA:481,23,2,0
BRDA:488,24,0,0
BRDA:488,24,1,0
BRF:51
BRH:0
end_of_record
TN:
SF:src\screens\home\homeRower.js
FN:9,HomeScreen
FN:35,(anonymous_1)
FN:39,(anonymous_2)
FN:58,(anonymous_3)
FN:80,(anonymous_4)
FN:83,(anonymous_5)
FN:91,(anonymous_6)
FN:93,(anonymous_7)
FN:95,(anonymous_8)
FN:108,(anonymous_9)
FN:110,(anonymous_10)
FN:112,(anonymous_11)
FN:119,(anonymous_12)
FN:131,(anonymous_13)
FN:134,(anonymous_14)
FN:201,(anonymous_15)
FN:205,(anonymous_16)
FN:251,(anonymous_17)
FN:252,(anonymous_18)
FN:259,(anonymous_19)
FN:272,(anonymous_20)
FN:281,(anonymous_21)
FN:315,(anonymous_22)
FN:321,(anonymous_23)
FN:325,(anonymous_24)
FNF:25
FNH:0
FNDA:0,HomeScreen
FNDA:0,(anonymous_1)
FNDA:0,(anonymous_2)
FNDA:0,(anonymous_3)
FNDA:0,(anonymous_4)
FNDA:0,(anonymous_5)
FNDA:0,(anonymous_6)
FNDA:0,(anonymous_7)
FNDA:0,(anonymous_8)
FNDA:0,(anonymous_9)
FNDA:0,(anonymous_10)
FNDA:0,(anonymous_11)
FNDA:0,(anonymous_12)
FNDA:0,(anonymous_13)
FNDA:0,(anonymous_14)
FNDA:0,(anonymous_15)
FNDA:0,(anonymous_16)
FNDA:0,(anonymous_17)
FNDA:0,(anonymous_18)
FNDA:0,(anonymous_19)
FNDA:0,(anonymous_20)
FNDA:0,(anonymous_21)
FNDA:0,(anonymous_22)
FNDA:0,(anonymous_23)
FNDA:0,(anonymous_24)
DA:11,0
DA:12,0
DA:13,0
DA:14,0
DA:15,0
DA:17,0
DA:19,0
DA:21,0
DA:28,0
DA:35,0
DA:36,0
DA:39,0
DA:40,0
DA:41,0
DA:42,0
DA:44,0
DA:51,0
DA:52,0
DA:54,0
DA:56,0
DA:58,0
DA:59,0
DA:60,0
DA:62,0
DA:63,0
DA:64,0
DA:65,0
DA:66,0
DA:67,0
DA:68,0
DA:69,0
DA:71,0
DA:74,0
DA:76,0
DA:80,0
DA:82,0
DA:83,0
DA:84,0
DA:86,0
DA:91,0
DA:92,0
DA:93,0
DA:94,0
DA:95,0
DA:96,0
DA:97,0
DA:98,0
DA:99,0
DA:100,0
DA:108,0
DA:109,0
DA:110,0
DA:111,0
DA:112,0
DA:113,0
DA:119,0
DA:120,0
DA:131,0
DA:133,0
DA:134,0
DA:139,0
DA:141,0
DA:143,0
DA:152,0
DA:153,0
DA:154,0
DA:158,0
DA:160,0
DA:161,0
DA:165,0
DA:169,0
DA:170,0
DA:171,0
DA:172,0
DA:173,0
DA:174,0
DA:175,0
DA:176,0
DA:177,0
DA:182,0
DA:183,0
DA:186,0
DA:187,0
DA:190,0
DA:191,0
DA:194,0
DA:201,0
DA:202,0
DA:205,0
DA:236,0
DA:237,0
DA:238,0
DA:241,0
DA:242,0
DA:243,0
DA:244,0
DA:245,0
DA:246,0
DA:251,0
DA:252,0
DA:254,0
DA:256,0
DA:259,0
DA:260,0
DA:262,0
DA:265,0
DA:273,0
DA:274,0
DA:275,0
DA:276,0
DA:281,0
DA:303,0
DA:316,0
DA:321,0
DA:325,0
LF:115
LH:0
BRDA:42,0,0,0
BRDA:42,0,1,0
BRDA:62,1,0,0
BRDA:62,1,1,0
BRDA:62,2,0,0
BRDA:62,2,1,0
BRDA:64,3,0,0
BRDA:64,3,1,0
BRDA:64,4,0,0
BRDA:64,4,1,0
BRDA:66,5,0,0
BRDA:66,5,1,0
BRDA:66,6,0,0
BRDA:66,6,1,0
BRDA:68,7,0,0
BRDA:68,7,1,0
BRDA:68,8,0,0
BRDA:68,8,1,0
BRDA:97,9,0,0
BRDA:97,9,1,0
BRDA:153,10,0,0
BRDA:153,10,1,0
BRDA:158,11,0,0
BRDA:158,11,1,0
BRDA:158,12,0,0
BRDA:158,12,1,0
BRDA:158,12,2,0
BRDA:169,13,0,0
BRDA:169,13,1,0
BRDA:170,14,0,0
BRDA:170,14,1,0
BRDA:170,15,0,0
BRDA:170,15,1,0
BRDA:172,16,0,0
BRDA:172,16,1,0
BRDA:172,17,0,0
BRDA:172,17,1,0
BRDA:174,18,0,0
BRDA:174,18,1,0
BRDA:174,19,0,0
BRDA:174,19,1,0
BRDA:176,20,0,0
BRDA:176,20,1,0
BRDA:176,21,0,0
BRDA:176,21,1,0
BRDA:182,22,0,0
BRDA:182,22,1,0
BRDA:218,23,0,0
BRDA:218,23,1,0
BRDA:224,24,0,0
BRDA:224,24,1,0
BRDA:238,25,0,0
BRDA:238,25,1,0
BRDA:271,26,0,0
BRDA:271,26,1,0
BRDA:320,27,0,0
BRDA:320,27,1,0
BRF:57
BRH:0
end_of_record
TN:
SF:src\screens\progress\addTraining.js
FN:6,ImageScreen
FN:9,(anonymous_1)
FN:16,(anonymous_2)
FNF:3
FNH:3
FNDA:4,ImageScreen
FNDA:2,(anonymous_1)
FNDA:2,(anonymous_2)
DA:7,4
DA:8,4
DA:9,4
DA:10,2
DA:11,1
DA:13,1
DA:16,4
DA:17,2
DA:20,4
LF:9
LH:9
BRDA:10,0,0,1
BRDA:10,0,1,1
BRF:2
BRH:2
end_of_record
TN:
SF:src\screens\progress\addTrainingCoach.js
FN:12,ImageScreenCoach
FN:26,DisplayImage
FN:30,fetchImage
FN:42,(anonymous_3)
FN:52,(anonymous_4)
FN:55,(anonymous_5)
FN:63,switchImage
FN:84,(anonymous_7)
FN:89,(anonymous_8)
FN:96,RaceDataInput
FN:102,onConfirm
FN:137,(anonymous_11)
FN:204,(anonymous_12)
FN:212,(anonymous_13)
FN:222,(anonymous_14)
FN:232,(anonymous_15)
FN:242,(anonymous_16)
FN:252,(anonymous_17)
FN:262,(anonymous_18)
FN:269,(anonymous_19)
FN:279,(anonymous_20)
FN:289,(anonymous_21)
FN:299,(anonymous_22)
FN:309,(anonymous_23)
FN:319,(anonymous_24)
FN:326,(anonymous_25)
FN:336,(anonymous_26)
FN:349,(anonymous_27)
FNF:28
FNH:0
FNDA:0,ImageScreenCoach
FNDA:0,DisplayImage
FNDA:0,fetchImage
FNDA:0,(anonymous_3)
FNDA:0,(anonymous_4)
FNDA:0,(anonymous_5)
FNDA:0,switchImage
FNDA:0,(anonymous_7)
FNDA:0,(anonymous_8)
FNDA:0,RaceDataInput
FNDA:0,onConfirm
FNDA:0,(anonymous_11)
FNDA:0,(anonymous_12)
FNDA:0,(anonymous_13)
FNDA:0,(anonymous_14)
FNDA:0,(anonymous_15)
FNDA:0,(anonymous_16)
FNDA:0,(anonymous_17)
FNDA:0,(anonymous_18)
FNDA:0,(anonymous_19)
FNDA:0,(anonymous_20)
FNDA:0,(anonymous_21)
FNDA:0,(anonymous_22)
FNDA:0,(anonymous_23)
FNDA:0,(anonymous_24)
FNDA:0,(anonymous_25)
FNDA:0,(anonymous_26)
FNDA:0,(anonymous_27)
DA:10,0
DA:13,0
DA:14,0
DA:27,0
DA:28,0
DA:31,0
DA:32,0
DA:33,0
DA:34,0
DA:35,0
DA:36,0
DA:37,0
DA:38,0
DA:39,0
DA:40,0
DA:41,0
DA:42,0
DA:44,0
DA:49,0
DA:52,0
DA:53,0
DA:55,0
DA:56,0
DA:57,0
DA:59,0
DA:64,0
DA:65,0
DA:66,0
DA:67,0
DA:68,0
DA:73,0
DA:80,0
DA:84,0
DA:89,0
DA:97,0
DA:98,0
DA:99,0
DA:100,0
DA:103,0
DA:104,0
DA:114,0
DA:115,0
DA:126,0
DA:133,0
DA:134,0
DA:135,0
DA:137,0
DA:138,0
DA:139,0
DA:140,0
DA:144,0
DA:146,0
DA:147,0
DA:148,0
DA:149,0
DA:151,0
DA:157,0
DA:162,0
DA:163,0
DA:164,0
DA:165,0
DA:167,0
DA:173,0
DA:179,0
DA:180,0
DA:181,0
DA:183,0
DA:189,0
DA:195,0
DA:196,0
DA:204,0
DA:212,0
DA:213,0
DA:222,0
DA:232,0
DA:242,0
DA:252,0
DA:262,0
DA:269,0
DA:270,0
DA:279,0
DA:289,0
DA:299,0
DA:309,0
DA:319,0
DA:326,0
DA:327,0
DA:336,0
DA:343,0
DA:349,0
DA:371,0
DA:399,0
LF:92
LH:0
BRDA:56,0,0,0
BRDA:56,0,1,0
BRDA:64,1,0,0
BRDA:64,1,1,0
BRDA:64,2,0,0
BRDA:64,2,1,0
BRDA:67,3,0,0
BRDA:67,3,1,0
BRDA:82,4,0,0
BRDA:82,4,1,0
BRDA:103,5,0,0
BRDA:103,5,1,0
BRDA:114,6,0,0
BRDA:114,6,1,0
BRDA:139,7,0,0
BRDA:139,7,1,0
BRDA:146,8,0,0
BRDA:146,8,1,0
BRDA:147,9,0,0
BRDA:147,9,1,0
BRDA:147,10,0,0
BRDA:147,10,1,0
BRDA:147,10,2,0
BRDA:147,10,3,0
BRDA:147,10,4,0
BRDA:148,11,0,0
BRDA:148,11,1,0
BRDA:148,12,0,0
BRDA:148,12,1,0
BRDA:148,12,2,0
BRDA:148,12,3,0
BRDA:148,12,4,0
BRDA:162,13,0,0
BRDA:162,13,1,0
BRDA:163,14,0,0
BRDA:163,14,1,0
BRDA:163,15,0,0
BRDA:163,15,1,0
BRDA:163,15,2,0
BRDA:163,15,3,0
BRDA:163,15,4,0
BRDA:164,16,0,0
BRDA:164,16,1,0
BRDA:164,17,0,0
BRDA:164,17,1,0
BRDA:164,17,2,0
BRDA:164,17,3,0
BRDA:164,17,4,0
BRDA:179,18,0,0
BRDA:179,18,1,0
BRDA:180,19,0,0
BRDA:180,19,1,0
BRDA:195,20,0,0
BRDA:195,20,1,0
BRDA:359,21,0,0
BRDA:359,21,1,0
BRDA:360,22,0,0
BRDA:360,22,1,0
BRDA:361,23,0,0
BRDA:361,23,1,0
BRF:60
BRH:0
end_of_record
TN:
SF:src\screens\progress\addTrainingRower.js
FN:10,ImageScreenRower
FN:20,UploadImageView
FN:23,(anonymous_2)
FN:49,(anonymous_3)
FN:74,(anonymous_4)
FN:78,(anonymous_5)
FN:80,(anonymous_6)
FN:83,(anonymous_7)
FNF:8
FNH:0
FNDA:0,ImageScreenRower
FNDA:0,UploadImageView
FNDA:0,(anonymous_2)
FNDA:0,(anonymous_3)
FNDA:0,(anonymous_4)
FNDA:0,(anonymous_5)
FNDA:0,(anonymous_6)
FNDA:0,(anonymous_7)
DA:11,0
DA:21,0
DA:22,0
DA:23,0
DA:24,0
DA:25,0
DA:31,0
DA:32,0
DA:33,0
DA:34,0
DA:37,0
DA:38,0
DA:39,0
DA:40,0
DA:41,0
DA:44,0
DA:49,0
DA:50,0
DA:51,0
DA:57,0
DA:58,0
DA:59,0
DA:60,0
DA:63,0
DA:64,0
DA:65,0
DA:66,0
DA:67,0
DA:70,0
DA:74,0
DA:75,0
DA:77,0
DA:78,0
DA:79,0
DA:80,0
DA:81,0
DA:83,0
DA:84,0
DA:86,0
DA:87,0
DA:88,0
DA:91,0
DA:92,0
DA:94,0
DA:95,0
DA:96,0
DA:98,0
DA:102,0
DA:129,0
LF:49
LH:0
BRDA:31,0,0,0
BRDA:31,0,1,0
BRDA:33,1,0,0
BRDA:33,1,1,0
BRDA:38,2,0,0
BRDA:38,2,1,0
BRDA:40,3,0,0
BRDA:40,3,1,0
BRDA:57,4,0,0
BRDA:57,4,1,0
BRDA:59,5,0,0
BRDA:59,5,1,0
BRDA:64,6,0,0
BRDA:64,6,1,0
BRDA:66,7,0,0
BRDA:66,7,1,0
BRDA:117,8,0,0
BRDA:117,8,1,0
BRF:18
BRH:0
end_of_record
TN:
SF:src\screens\progress\progress.js
FN:11,ProgressScreen
FN:14,(anonymous_1)
FN:25,(anonymous_2)
FNF:3
FNH:2
FNDA:4,ProgressScreen
FNDA:2,(anonymous_1)
FNDA:0,(anonymous_2)
DA:9,1
DA:12,4
DA:13,4
DA:14,4
DA:15,2
DA:16,1
DA:18,1
DA:22,4
DA:25,0
LF:9
LH:8
BRDA:15,0,0,1
BRDA:15,0,1,1
BRDA:30,1,0,2
BRDA:30,1,1,2
BRF:4
BRH:4
end_of_record
TN:
SF:src\screens\progress\progressContainer.js
FN:14,ProgressContainer
FNF:1
FNH:0
FNDA:0,ProgressContainer
DA:9,0
DA:10,0
DA:12,0
DA:15,0
LF:4
LH:0
BRF:0
BRH:0
end_of_record
TN:
SF:src\screens\progress\progressRender.js
FN:9,renderRower
FN:20,renderCoach
FN:31,CoachView
FN:36,(anonymous_3)
FN:37,fetchLatestData
FN:44,(anonymous_5)
FN:64,(anonymous_6)
FN:67,(anonymous_7)
FN:68,(anonymous_8)
FN:82,(anonymous_9)
FN:88,getName
FN:89,(anonymous_11)
FN:97,TwoKMView
FN:98,(anonymous_13)
FN:101,(anonymous_14)
FN:138,FiveKMView
FN:139,(anonymous_16)
FN:142,(anonymous_17)
FN:179,DistanceView
FN:180,(anonymous_19)
FN:183,(anonymous_20)
FN:213,(anonymous_21)
FN:217,(anonymous_22)
FN:234,TrainingDataView
FN:237,(anonymous_24)
FN:238,fetchTrainingData
FN:243,(anonymous_26)
FN:254,TwoKMView
FN:255,(anonymous_28)
FN:262,(anonymous_29)
FN:284,(anonymous_30)
FN:355,FiveKMView
FN:356,(anonymous_32)
FN:363,(anonymous_33)
FN:385,(anonymous_34)
FN:456,DistanceView
FN:457,(anonymous_36)
FN:459,(anonymous_37)
FN:469,(anonymous_38)
FN:501,(anonymous_39)
FN:505,(anonymous_40)
FNF:41
FNH:0
FNDA:0,renderRower
FNDA:0,renderCoach
FNDA:0,CoachView
FNDA:0,(anonymous_3)
FNDA:0,fetchLatestData
FNDA:0,(anonymous_5)
FNDA:0,(anonymous_6)
FNDA:0,(anonymous_7)
FNDA:0,(anonymous_8)
FNDA:0,(anonymous_9)
FNDA:0,getName
FNDA:0,(anonymous_11)
FNDA:0,TwoKMView
FNDA:0,(anonymous_13)
FNDA:0,(anonymous_14)
FNDA:0,FiveKMView
FNDA:0,(anonymous_16)
FNDA:0,(anonymous_17)
FNDA:0,DistanceView
FNDA:0,(anonymous_19)
FNDA:0,(anonymous_20)
FNDA:0,(anonymous_21)
FNDA:0,(anonymous_22)
FNDA:0,TrainingDataView
FNDA:0,(anonymous_24)
FNDA:0,fetchTrainingData
FNDA:0,(anonymous_26)
FNDA:0,TwoKMView
FNDA:0,(anonymous_28)
FNDA:0,(anonymous_29)
FNDA:0,(anonymous_30)
FNDA:0,FiveKMView
FNDA:0,(anonymous_32)
FNDA:0,(anonymous_33)
FNDA:0,(anonymous_34)
FNDA:0,DistanceView
FNDA:0,(anonymous_36)
FNDA:0,(anonymous_37)
FNDA:0,(anonymous_38)
FNDA:0,(anonymous_39)
FNDA:0,(anonymous_40)
DA:10,0
DA:21,0
DA:32,0
DA:33,0
DA:36,0
DA:38,0
DA:39,0
DA:40,0
DA:41,0
DA:42,0
DA:43,0
DA:44,0
DA:45,0
DA:46,0
DA:47,0
DA:48,0
DA:49,0
DA:51,0
DA:52,0
DA:55,0
DA:57,0
DA:60,0
DA:64,0
DA:65,0
DA:66,0
DA:67,0
DA:68,0
DA:70,0
DA:72,0
DA:75,0
DA:78,0
DA:82,0
DA:84,0
DA:89,0
DA:90,0
DA:91,0
DA:94,0
DA:98,0
DA:99,0
DA:102,0
DA:139,0
DA:140,0
DA:143,0
DA:180,0
DA:181,0
DA:184,0
DA:208,0
DA:210,0
DA:214,0
DA:217,0
DA:235,0
DA:236,0
DA:237,0
DA:239,0
DA:240,0
DA:241,0
DA:242,0
DA:243,0
DA:244,0
DA:246,0
DA:248,0
DA:251,0
DA:255,0
DA:256,0
DA:257,0
DA:258,0
DA:259,0
DA:260,0
DA:261,0
DA:262,0
DA:263,0
DA:264,0
DA:265,0
DA:266,0
DA:267,0
DA:268,0
DA:269,0
DA:270,0
DA:271,0
DA:272,0
DA:273,0
DA:274,0
DA:275,0
DA:276,0
DA:277,0
DA:278,0
DA:279,0
DA:282,0
DA:285,0
DA:356,0
DA:357,0
DA:358,0
DA:359,0
DA:360,0
DA:361,0
DA:362,0
DA:363,0
DA:364,0
DA:365,0
DA:366,0
DA:367,0
DA:368,0
DA:369,0
DA:370,0
DA:371,0
DA:372,0
DA:373,0
DA:374,0
DA:375,0
DA:376,0
DA:377,0
DA:378,0
DA:379,0
DA:380,0
DA:383,0
DA:386,0
DA:457,0
DA:458,0
DA:459,0
DA:460,0
DA:461,0
DA:462,0
DA:463,0
DA:464,0
DA:467,0
DA:470,0
DA:496,0
DA:498,0
DA:502,0
DA:505,0
LF:130
LH:0
BRDA:49,0,0,0
BRDA:49,0,1,0
BRDA:90,1,0,0
BRDA:90,1,1,0
BRDA:216,2,0,0
BRDA:216,2,1,0
BRDA:223,3,0,0
BRDA:223,3,1,0
BRDA:225,4,0,0
BRDA:225,4,1,0
BRDA:226,5,0,0
BRDA:226,5,1,0
BRDA:227,6,0,0
BRDA:227,6,1,0
BRDA:274,7,0,0
BRDA:274,7,1,0
BRDA:295,8,0,0
BRDA:295,8,1,0
BRDA:296,9,0,0
BRDA:296,9,1,0
BRDA:298,10,0,0
BRDA:298,10,1,0
BRDA:306,11,0,0
BRDA:306,11,1,0
BRDA:307,12,0,0
BRDA:307,12,1,0
BRDA:309,13,0,0
BRDA:309,13,1,0
BRDA:317,14,0,0
BRDA:317,14,1,0
BRDA:318,15,0,0
BRDA:318,15,1,0
BRDA:320,16,0,0
BRDA:320,16,1,0
BRDA:328,17,0,0
BRDA:328,17,1,0
BRDA:329,18,0,0
BRDA:329,18,1,0
BRDA:331,19,0,0
BRDA:331,19,1,0
BRDA:339,20,0,0
BRDA:339,20,1,0
BRDA:340,21,0,0
BRDA:340,21,1,0
BRDA:342,22,0,0
BRDA:342,22,1,0
BRDA:375,23,0,0
BRDA:375,23,1,0
BRDA:396,24,0,0
BRDA:396,24,1,0
BRDA:397,25,0,0
BRDA:397,25,1,0
BRDA:399,26,0,0
BRDA:399,26,1,0
BRDA:407,27,0,0
BRDA:407,27,1,0
BRDA:408,28,0,0
BRDA:408,28,1,0
BRDA:410,29,0,0
BRDA:410,29,1,0
BRDA:418,30,0,0
BRDA:418,30,1,0
BRDA:419,31,0,0
BRDA:419,31,1,0
BRDA:421,32,0,0
BRDA:421,32,1,0
BRDA:429,33,0,0
BRDA:429,33,1,0
BRDA:430,34,0,0
BRDA:430,34,1,0
BRDA:432,35,0,0
BRDA:432,35,1,0
BRDA:440,36,0,0
BRDA:440,36,1,0
BRDA:441,37,0,0
BRDA:441,37,1,0
BRDA:443,38,0,0
BRDA:443,38,1,0
BRDA:463,39,0,0
BRDA:463,39,1,0
BRDA:480,40,0,0
BRDA:480,40,1,0
BRDA:481,41,0,0
BRDA:481,41,1,0
BRDA:483,42,0,0
BRDA:483,42,1,0
BRDA:504,43,0,0
BRDA:504,43,1,0
BRDA:511,44,0,0
BRDA:511,44,1,0
BRDA:513,45,0,0
BRDA:513,45,1,0
BRDA:514,46,0,0
BRDA:514,46,1,0
BRDA:515,47,0,0
BRDA:515,47,1,0
BRF:96
BRH:0
end_of_record
TN:
SF:src\screens\settings\addUser.js
FN:6,AddUser
FN:10,(anonymous_1)
FN:45,(anonymous_2)
FN:55,(anonymous_3)
FNF:4
FNH:0
FNDA:0,AddUser
FNDA:0,(anonymous_1)
FNDA:0,(anonymous_2)
FNDA:0,(anonymous_3)
DA:7,0
DA:8,0
DA:10,0
DA:11,0
DA:12,0
DA:13,0
DA:17,0
DA:18,0
DA:19,0
DA:22,0
DA:23,0
DA:24,0
DA:26,0
DA:27,0
DA:29,0
DA:30,0
DA:34,0
DA:45,0
DA:55,0
LF:19
LH:0
BRDA:11,0,0,0
BRDA:11,0,1,0
BRDA:11,1,0,0
BRDA:11,1,1,0
BRDA:17,2,0,0
BRDA:17,2,1,0
BRF:6
BRH:0
end_of_record
TN:
SF:src\screens\settings\passChange.js
FN:7,PassChange
FN:14,(anonymous_1)
FN:28,(anonymous_2)
FN:29,(anonymous_3)
FN:34,(anonymous_4)
FN:38,(anonymous_5)
FN:55,(anonymous_6)
FN:65,(anonymous_7)
FN:75,(anonymous_8)
FNF:9
FNH:0
FNDA:0,PassChange
FNDA:0,(anonymous_1)
FNDA:0,(anonymous_2)
FNDA:0,(anonymous_3)
FNDA:0,(anonymous_4)
FNDA:0,(anonymous_5)
FNDA:0,(anonymous_6)
FNDA:0,(anonymous_7)
FNDA:0,(anonymous_8)
DA:5,0
DA:8,0
DA:9,0
DA:10,0
DA:12,0
DA:14,0
DA:15,0
DA:16,0
DA:17,0
DA:20,0
DA:21,0
DA:22,0
DA:25,0
DA:26,0
DA:28,0
DA:29,0
DA:30,0
DA:31,0
DA:32,0
DA:33,0
DA:35,0
DA:36,0
DA:39,0
DA:40,0
DA:44,0
DA:55,0
DA:65,0
DA:75,0
LF:28
LH:0
BRDA:15,0,0,0
BRDA:15,0,1,0
BRDA:15,1,0,0
BRDA:15,1,1,0
BRDA:15,1,2,0
BRDA:20,2,0,0
BRDA:20,2,1,0
BRF:7
BRH:0
end_of_record
TN:
SF:src\screens\settings\settings.js
FN:14,SettingsScreen
FN:27,(anonymous_1)
FN:42,(anonymous_2)
FN:72,(anonymous_3)
FNF:4
FNH:0
FNDA:0,SettingsScreen
FNDA:0,(anonymous_1)
FNDA:0,(anonymous_2)
FNDA:0,(anonymous_3)
DA:12,0
DA:16,0
DA:17,0
DA:19,0
DA:22,0
DA:23,0
DA:27,0
DA:28,0
DA:30,0
DA:31,0
DA:33,0
DA:39,0
DA:42,0
DA:44,0
DA:46,0
DA:48,0
DA:51,0
DA:55,0
DA:72,0
LF:19
LH:0
BRDA:22,0,0,0
BRDA:22,0,1,0
BRDA:28,1,0,0
BRDA:28,1,1,0
BRDA:46,2,0,0
BRDA:46,2,1,0
BRF:6
BRH:0
end_of_record
TN:
SF:src\screens\settings\settingsContainer.js
FN:19,Settingscontainer
FNF:1
FNH:0
FNDA:0,Settingscontainer
DA:11,0
DA:12,0
DA:13,0
DA:14,0
DA:17,0
DA:20,0
LF:6
LH:0
BRF:0
BRH:0
end_of_record
TN:
SF:src\screens\settings\settingsUtil.js
FN:11,(anonymous_0)
FN:13,(anonymous_1)
FN:19,(anonymous_2)
FN:33,(anonymous_3)
FN:34,(anonymous_4)
FN:39,(anonymous_5)
FN:43,(anonymous_6)
FN:49,(anonymous_7)
FN:55,(anonymous_8)
FN:64,(anonymous_9)
FNF:10
FNH:0
FNDA:0,(anonymous_0)
FNDA:0,(anonymous_1)
FNDA:0,(anonymous_2)
FNDA:0,(anonymous_3)
FNDA:0,(anonymous_4)
FNDA:0,(anonymous_5)
FNDA:0,(anonymous_6)
FNDA:0,(anonymous_7)
FNDA:0,(anonymous_8)
FNDA:0,(anonymous_9)
DA:8,0
DA:11,0
DA:12,0
DA:13,0
DA:14,0
DA:19,0
DA:20,0
DA:21,0
DA:22,0
DA:25,0
DA:26,0
DA:27,0
DA:30,0
DA:31,0
DA:33,0
DA:34,0
DA:35,0
DA:36,0
DA:37,0
DA:38,0
DA:40,0
DA:41,0
DA:44,0
DA:45,0
DA:49,0
DA:50,0
DA:55,0
DA:64,0
LF:28
LH:0
BRDA:20,0,0,0
BRDA:20,0,1,0
BRDA:20,1,0,0
BRDA:20,1,1,0
BRDA:20,1,2,0
BRDA:25,2,0,0
BRDA:25,2,1,0
BRF:7
BRH:0
end_of_record
TN:
SF:src\screens\settings\showUsers.js
FN:8,ShowUsers
FN:15,(anonymous_1)
FN:18,(anonymous_2)
FN:20,(anonymous_3)
FN:29,(anonymous_4)
FN:33,(anonymous_5)
FN:36,(anonymous_6)
FN:37,(anonymous_7)
FN:55,(anonymous_8)
FN:62,getUserType
FN:72,(anonymous_10)
FN:75,(anonymous_11)
FN:83,(anonymous_12)
FN:107,(anonymous_13)
FNF:14
FNH:0
FNDA:0,ShowUsers
FNDA:0,(anonymous_1)
FNDA:0,(anonymous_2)
FNDA:0,(anonymous_3)
FNDA:0,(anonymous_4)
FNDA:0,(anonymous_5)
FNDA:0,(anonymous_6)
FNDA:0,(anonymous_7)
FNDA:0,(anonymous_8)
FNDA:0,getUserType
FNDA:0,(anonymous_10)
FNDA:0,(anonymous_11)
FNDA:0,(anonymous_12)
FNDA:0,(anonymous_13)
DA:10,0
DA:11,0
DA:12,0
DA:15,0
DA:16,0
DA:18,0
DA:20,0
DA:22,0
DA:25,0
DA:29,0
DA:33,0
DA:34,0
DA:35,0
DA:36,0
DA:37,0
DA:39,0
DA:41,0
DA:43,0
DA:45,0
DA:48,0
DA:51,0
DA:55,0
DA:57,0
DA:64,0
DA:65,0
DA:68,0
DA:72,0
DA:73,0
DA:74,0
DA:75,0
DA:76,0
DA:77,0
DA:79,0
DA:83,0
DA:85,0
DA:104,0
DA:107,0
LF:37
LH:0
BRDA:64,0,0,0
BRDA:64,0,1,0
BRF:2
BRH:0
end_of_record
